#
# A fatal error has been detected by the Java Runtime Environment:
#
#  EXCEPTION_ACCESS_VIOLATION (0xc0000005) at pc=0x000001839494d861, pid=420, tid=16608
#
# JRE version: Java(TM) SE Runtime Environment (17.0.8+9) (build 17.0.8+9-LTS-211)
# Java VM: Java HotSpot(TM) 64-Bit Server VM (17.0.8+9-LTS-211, mixed mode, emulated-client, sharing, tiered, compressed oops, compressed class ptrs, g1 gc, windows-amd64)
# Problematic frame:
# J 6121 c1 com.wen.notification.domain.UserNotification.toString()Ljava/lang/String; (42 bytes) @ 0x000001839494d861 [0x000001839494d660+0x0000000000000201]
#
# No core dump will be written. Minidumps are not enabled by default on client versions of Windows
#
# If you would like to submit a bug report, please visit:
#   https://bugreport.java.com/bugreport/crash.jsp
#

---------------  S U M M A R Y ------------

Command Line: -XX:TieredStopAtLevel=1 -Xverify:none -Dspring.output.ansi.enabled=always -Dcom.sun.management.jmxremote -Dspring.jmx.enabled=true -Dspring.liveBeansView.mbeanDomain -Dspring.application.admin.enabled=true -javaagent:D:\Software\IntelliJ IDEA 2021.3.3\lib\idea_rt.jar=14046:D:\Software\IntelliJ IDEA 2021.3.3\bin -Dfile.encoding=UTF-8 com.wen.notification.NotificationServiceApplication

Host: 11th Gen Intel(R) Core(TM) i7-11800H @ 2.30GHz, 16 cores, 15G,  Windows 11 , 64 bit Build 22621 (10.0.22621.3958)
Time: Sat Sep  7 11:05:37 2024  Windows 11 , 64 bit Build 22621 (10.0.22621.3958) elapsed time: 9.262590 seconds (0d 0h 0m 9s)

---------------  T H R E A D  ---------------

Current thread (0x00000183ea8be6d0):  JavaThread "org.springframework.amqp.rabbit.RabbitListenerEndpointContainer#1-1" [_thread_in_Java, id=16608, stack(0x0000004acd000000,0x0000004acd100000)]

Stack: [0x0000004acd000000,0x0000004acd100000],  sp=0x0000004acd0fdfa0,  free space=1015k
Native frames: (J=compiled Java code, j=interpreted, Vv=VM code, C=native code)
C  0x000001839494d861


siginfo: EXCEPTION_ACCESS_VIOLATION (0xc0000005), reading address 0x000000000029cd00


Register to memory mapping:

RIP=0x000001839494d861 is at entry_point+513 in (nmethod*)0x000001839494d310
RAX=0x000000070c126e48 is an oop: java.lang.String 
{0x000000070c126e48} - klass: 'java/lang/String'
 - string: "179"
RBX=0x0000000000000031 is an unknown value
RCX=0x000000070c126dd0 is an oop: java.lang.String 
{0x000000070c126dd0} - klass: 'java/lang/String'
 - string: "like"
RDX=0x000000070c126d88 is an oop: java.lang.String 
{0x000000070c126d88} - klass: 'java/lang/String'
 - string: "post"
RSP=0x0000004acd0fdfa0 is pointing into the stack for thread: 0x00000183ea8be6d0
RBP=0x0000004acd0fe3e0 is pointing into the stack for thread: 0x00000183ea8be6d0
RSI=0x000000070c126e30 is an oop: [B 
{0x000000070c126e30} - klass: {type array byte}
 - length: 3
RDI=0x0 is NULL
R8 =0x000000000029cd00 is an unknown value
R9 =0x000000070c126e30 is an oop: [B 
{0x000000070c126e30} - klass: {type array byte}
 - length: 3
R10=3783413190 is a compressed pointer to object: [B 
{0x000000070c126e30} - klass: {type array byte}
 - length: 3
R11=0x0000000000000598 is an unknown value
R12=0x0 is NULL
R13=0x0 is NULL
R14=0x0000004acd0fe238 is pointing into the stack for thread: 0x00000183ea8be6d0
R15=0x00000183ea8be6d0 is a thread


Registers:
RAX=0x000000070c126e48, RBX=0x0000000000000031, RCX=0x000000070c126dd0, RDX=0x000000070c126d88
RSP=0x0000004acd0fdfa0, RBP=0x0000004acd0fe3e0, RSI=0x000000070c126e30, RDI=0x0000000000000000
R8 =0x000000000029cd00, R9 =0x000000070c126e30, R10=0x00000000e1824dc6, R11=0x0000000000000598
R12=0x0000000000000000, R13=0x0000000000000000, R14=0x0000004acd0fe238, R15=0x00000183ea8be6d0
RIP=0x000001839494d861, EFLAGS=0x0000000000010206

Top of Stack: (sp=0x0000004acd0fdfa0)
0x0000004acd0fdfa0:   0000000000000000 0000000707e5d400
0x0000004acd0fdfb0:   000000070c126d08 00000183946f13ec
0x0000004acd0fdfc0:   0000004acd0fe1f8 0000000707e5cbc0
0x0000004acd0fdfd0:   0000000707e5cbe0 000000070c126d58
0x0000004acd0fdfe0:   6176616a2e646f68 5b7e20293931313a
0x0000004acd0fdff0:   6d2d676e69727073 0000002c00000000
0x0000004acd0fe000:   0000000000000010 0000000707e5b848
0x0000004acd0fe010:   0000000707e5ad20 0000000707e5d388
0x0000004acd0fe020:   000000000000000c 000000070c126d08
0x0000004acd0fe030:   0000004acd0fea80 00000183944d723a
0x0000004acd0fe040:   0000004acd0fe1f8 000001839498dcec
0x0000004acd0fe050:   0000000000000000 0000000000000000
0x0000004acd0fe060:   0000000000000002 00000183e9f5bab0
0x0000004acd0fe070:   00000183ea26b3e0 00007ffec3220304
0x0000004acd0fe080:   0000000000000003 00000183a40bb0d8
0x0000004acd0fe090:   0000000000000030 00007ffec33a37b0 

Instructions: (pc=0x000001839494d861)
0x000001839494d761:   00 00 0f 84 24 00 00 00 48 8b 57 10 66 90 e8 cc
0x000001839494d771:   17 83 ff 48 83 f8 00 0f 85 0a 00 00 00 48 b8 28
0x000001839494d781:   15 d9 05 07 00 00 00 e9 0a 00 00 00 48 b8 28 15
0x000001839494d791:   d9 05 07 00 00 00 48 8b 9c 24 e8 01 00 00 48 83
0x000001839494d7a1:   fb 00 48 89 84 24 28 02 00 00 0f 84 24 00 00 00
0x000001839494d7b1:   48 8b 53 10 66 90 e8 84 17 83 ff 48 83 f8 00 0f
0x000001839494d7c1:   85 0a 00 00 00 48 b8 28 15 d9 05 07 00 00 00 e9
0x000001839494d7d1:   0a 00 00 00 48 b8 28 15 d9 05 07 00 00 00 48 8b
0x000001839494d7e1:   94 24 f0 01 00 00 48 83 fa 00 0f 84 1c 00 00 00
0x000001839494d7f1:   48 3b 02 48 83 fa 00 0f 85 0a 00 00 00 48 ba 28
0x000001839494d801:   15 d9 05 07 00 00 00 e9 0a 00 00 00 48 ba 28 15
0x000001839494d811:   d9 05 07 00 00 00 48 8b 8c 24 f8 01 00 00 48 83
0x000001839494d821:   f9 00 0f 84 1c 00 00 00 48 3b 01 48 83 f9 00 0f
0x000001839494d831:   85 0a 00 00 00 48 b9 28 15 d9 05 07 00 00 00 e9
0x000001839494d841:   0a 00 00 00 48 b9 28 15 d9 05 07 00 00 00 4c 8b
0x000001839494d851:   84 24 00 02 00 00 49 83 f8 00 0f 84 1c 00 00 00
0x000001839494d861:   49 3b 00 49 83 f8 00 0f 85 0a 00 00 00 49 b8 28
0x000001839494d871:   15 d9 05 07 00 00 00 e9 0a 00 00 00 49 b8 28 15
0x000001839494d881:   d9 05 07 00 00 00 4c 8b 8c 24 08 02 00 00 49 83
0x000001839494d891:   f9 00 4c 89 84 24 30 02 00 00 48 89 8c 24 38 02
0x000001839494d8a1:   00 00 48 89 94 24 40 02 00 00 48 89 84 24 48 02
0x000001839494d8b1:   00 00 0f 84 2c 00 00 00 41 8b 71 0c 48 8b d6 0f
0x000001839494d8c1:   1f 80 00 00 00 00 e8 74 5b e7 ff 48 83 f8 00 0f
0x000001839494d8d1:   85 0a 00 00 00 48 b8 28 15 d9 05 07 00 00 00 e9
0x000001839494d8e1:   0a 00 00 00 48 b8 28 15 d9 05 07 00 00 00 4c 8b
0x000001839494d8f1:   9c 24 10 02 00 00 49 83 fb 00 48 89 84 24 50 02
0x000001839494d901:   00 00 0f 84 24 00 00 00 49 3b 03 49 8b d3 e8 0c
0x000001839494d911:   70 02 00 48 83 f8 00 0f 85 0a 00 00 00 48 b8 28
0x000001839494d921:   15 d9 05 07 00 00 00 e9 0a 00 00 00 48 b8 28 15
0x000001839494d931:   d9 05 07 00 00 00 4c 8b ac 24 18 02 00 00 49 83
0x000001839494d941:   fd 00 48 89 84 24 58 02 00 00 0f 84 2c 00 00 00
0x000001839494d951:   49 3b 45 00 49 8b d5 0f 1f 80 00 00 00 00 e8 bc 


Stack slot to memory mapping:
stack at sp + 0 slots: 0x0 is NULL
stack at sp + 1 slots: 0x0000000707e5d400 is an oop: com.esotericsoftware.kryo.serializers.UnsafeField 
{0x0000000707e5d400} - klass: 'com/esotericsoftware/kryo/serializers/UnsafeField'
 - ---- fields (total size 8 words):
 - 'accessIndex' 'I' @12  -1 (ffffffff)
 - 'offset' 'J' @16  16 (10 0)
 - 'tag' 'I' @24  0
 - 'canBeNull' 'Z' @28  true
 - 'varEncoding' 'Z' @29  true
 - 'optimizePositive' 'Z' @30  false
 - 'reuseSerializer' 'Z' @31  true
 - final 'field' 'Ljava/lang/reflect/Field;' @32  a 'java/lang/reflect/Field'{0x0000000707e5d440} (e0fcba88)
 - 'name' 'Ljava/lang/String;' @36  "notification"{0x0000000707e5d488} (e0fcba91)
 - 'valueClass' 'Ljava/lang/Class;' @40  NULL (0)
 - 'serializer' 'Lcom/esotericsoftware/kryo/Serializer;' @44  NULL (0)
 - 'access' 'Lcom/esotericsoftware/reflectasm/FieldAccess;' @48  NULL (0)
 - final 'fieldSerializer' 'Lcom/esotericsoftware/kryo/serializers/FieldSerializer;' @52  a 'com/esotericsoftware/kryo/serializers/FieldSerializer'{0x0000000707e5d388} (e0fcba71)
 - final 'genericType' 'Lcom/esotericsoftware/kryo/util/Generics$GenericType;' @56  a 'com/esotericsoftware/kryo/util/Generics$GenericType'{0x0000000707e5d508} (e0fcbaa1)
stack at sp + 2 slots: 0x000000070c126d08 is an oop: com.wen.notification.domain.LikePostNotificationDTO 
{0x000000070c126d08} - klass: 'com/wen/notification/domain/LikePostNotificationDTO'
 - ---- fields (total size 3 words):
 - private 'action' 'Ljava/lang/String;' @12  "cancel_like"{0x000000070c126d20} (e1824da4)
 - private 'notification' 'Lcom/wen/notification/domain/UserNotification;' @16  a 'com/wen/notification/domain/LikePostNotificationDTO'{0x000000070c126d58} (e1824dab)
stack at sp + 3 slots: 0x00000183946f13ec is at entry_point+76 in (nmethod*)0x00000183946f1210
stack at sp + 4 slots: 0x0000004acd0fe1f8 is pointing into the stack for thread: 0x00000183ea8be6d0
stack at sp + 5 slots: 0x0000000707e5cbc0 is an oop: com.esotericsoftware.kryo.Registration 
{0x0000000707e5cbc0} - klass: 'com/esotericsoftware/kryo/Registration'
 - ---- fields (total size 4 words):
 - private final 'id' 'I' @12  11 (b)
 - private final 'typeNameAscii' 'Z' @16  true
 - private final 'type' 'Ljava/lang/Class;' @20  a 'java/lang/Class'{0x00000007076ed2b0} = 'com/wen/notification/domain/UserNotification' (e0edda56)
 - private 'serializer' 'Lcom/esotericsoftware/kryo/Serializer;' @24  a 'com/esotericsoftware/kryo/serializers/FieldSerializer'{0x0000000707e5cbe0} (e0fcb97c)
 - private 'instantiator' 'Lorg/objenesis/instantiator/ObjectInstantiator;' @28  a 'com/esotericsoftware/kryo/util/DefaultInstantiatorStrategy$1'{0x0000000707e5d268} (e0fcba4d)
stack at sp + 6 slots: 0x0000000707e5cbe0 is an oop: com.esotericsoftware.kryo.serializers.FieldSerializer 
{0x0000000707e5cbe0} - klass: 'com/esotericsoftware/kryo/serializers/FieldSerializer'
 - ---- fields (total size 5 words):
 - private 'acceptsNull' 'Z' @12  false
 - private 'immutable' 'Z' @13  false
 - final 'kryo' 'Lcom/esotericsoftware/kryo/Kryo;' @16  a 'com/esotericsoftware/kryo/Kryo'{0x0000000707e5b848} (e0fcb709)
 - final 'type' 'Ljava/lang/Class;' @20  a 'java/lang/Class'{0x00000007076ed2b0} = 'com/wen/notification/domain/UserNotification' (e0edda56)
 - final 'config' 'Lcom/esotericsoftware/kryo/serializers/FieldSerializer$FieldSerializerConfig;' @24  a 'com/esotericsoftware/kryo/serializers/FieldSerializer$FieldSerializerConfig'{0x0000000707e5cc08} (e0fcb981)
 - final 'cachedFields' 'Lcom/esotericsoftware/kryo/serializers/CachedFields;' @28  a 'com/esotericsoftware/kryo/serializers/CachedFields'{0x0000000707e5cc20} (e0fcb984)
 - private final 'genericsHierarchy' 'Lcom/esotericsoftware/kryo/util/Generics$GenericsHierarchy;' @32  a 'com/esotericsoftware/kryo/util/Generics$GenericsHierarchy'{0x0000000707e5d228} (e0fcba45)
stack at sp + 7 slots: 0x000000070c126d58 is an oop: com.wen.notification.domain.LikePostNotificationDTO 
{0x000000070c126d58} - klass: 'com/wen/notification/domain/LikePostNotificationDTO'
 - ---- fields (total size 3 words):
 - private 'action' 'Ljava/lang/String;' @12  NULL (0)
 - private 'notification' 'Lcom/wen/notification/domain/UserNotification;' @16  a 'java/lang/Long'{0x000000070c126db8} = 1000 (e1824db7)

--------------------------------------------------------------------------------
[Constant Pool (empty)]

--------------------------------------------------------------------------------

[MachCode]
  0x000001839494d660: 448b 5208 | 49bb 0000 | 00a4 8301 | 0000 4d03 | d34c 3bd0 | 0f85 06f9 | 1fff 660f | 1f44 0000 
  0x000001839494d680: 8984 2400 | 90ff ff55 | 4881 ec90 | 0200 008b | 720c 48c1 | e603 8b7a | 1048 c1e7 | 038b 5a14 
  0x000001839494d6a0: 48c1 e303 | 8b42 1848 | c1e0 038b | 4a1c 48c1 | e103 448b | 4220 49c1 | e003 448b | 4a24 49c1 
  0x000001839494d6c0: e103 448b | 5a28 49c1 | e303 448b | 6a2c 49c1 | e503 4883 | fe00 4c89 | ac24 1802 | 0000 4c89 
  0x000001839494d6e0: 9c24 1002 | 0000 4c89 | 8c24 0802 | 0000 4c89 | 8424 0002 | 0000 4889 | 8c24 f801 | 0000 4889 
  0x000001839494d700: 8424 f001 | 0000 4889 | 9c24 e801 | 0000 4889 | bc24 e001 | 0000 0f84 | 2900 0000 | 488b 5610 
  0x000001839494d720: 0f1f 8000 | 0000 00e8 | d408 20ff | 4883 f800 | 0f85 0a00 | 0000 48b8 | 2815 d905 | 0700 0000 
  0x000001839494d740: e90a 0000 | 0048 b828 | 15d9 0507 | 0000 0048 | 8bbc 24e0 | 0100 0048 | 83ff 0048 | 8984 2420 
  0x000001839494d760: 0200 000f | 8424 0000 | 0048 8b57 | 1066 90e8 | cc17 83ff | 4883 f800 | 0f85 0a00 | 0000 48b8 
  0x000001839494d780: 2815 d905 | 0700 0000 | e90a 0000 | 0048 b828 | 15d9 0507 | 0000 0048 | 8b9c 24e8 | 0100 0048 
  0x000001839494d7a0: 83fb 0048 | 8984 2428 | 0200 000f | 8424 0000 | 0048 8b53 | 1066 90e8 | 8417 83ff | 4883 f800 
  0x000001839494d7c0: 0f85 0a00 | 0000 48b8 | 2815 d905 | 0700 0000 | e90a 0000 | 0048 b828 | 15d9 0507 | 0000 0048 
  0x000001839494d7e0: 8b94 24f0 | 0100 0048 | 83fa 000f | 841c 0000 | 0048 3b02 | 4883 fa00 | 0f85 0a00 | 0000 48ba 
  0x000001839494d800: 2815 d905 | 0700 0000 | e90a 0000 | 0048 ba28 | 15d9 0507 | 0000 0048 | 8b8c 24f8 | 0100 0048 
  0x000001839494d820: 83f9 000f | 841c 0000 | 0048 3b01 | 4883 f900 | 0f85 0a00 | 0000 48b9 | 2815 d905 | 0700 0000 
  0x000001839494d840: e90a 0000 | 0048 b928 | 15d9 0507 | 0000 004c | 8b84 2400 | 0200 0049 | 83f8 000f | 841c 0000 
  0x000001839494d860: 0049 3b00 | 4983 f800 | 0f85 0a00 | 0000 49b8 | 2815 d905 | 0700 0000 | e90a 0000 | 0049 b828 
  0x000001839494d880: 15d9 0507 | 0000 004c | 8b8c 2408 | 0200 0049 | 83f9 004c | 8984 2430 | 0200 0048 | 898c 2438 
  0x000001839494d8a0: 0200 0048 | 8994 2440 | 0200 0048 | 8984 2448 | 0200 000f | 842c 0000 | 0041 8b71 | 0c48 8bd6 
  0x000001839494d8c0: 0f1f 8000 | 0000 00e8 | 745b e7ff | 4883 f800 | 0f85 0a00 | 0000 48b8 | 2815 d905 | 0700 0000 
  0x000001839494d8e0: e90a 0000 | 0048 b828 | 15d9 0507 | 0000 004c | 8b9c 2410 | 0200 0049 | 83fb 0048 | 8984 2450 
  0x000001839494d900: 0200 000f | 8424 0000 | 0049 3b03 | 498b d3e8 | 0c70 0200 | 4883 f800 | 0f85 0a00 | 0000 48b8 
  0x000001839494d920: 2815 d905 | 0700 0000 | e90a 0000 | 0048 b828 | 15d9 0507 | 0000 004c | 8bac 2418 | 0200 0049 
  0x000001839494d940: 83fd 0048 | 8984 2458 | 0200 000f | 842c 0000 | 0049 3b45 | 0049 8bd5 | 0f1f 8000 | 0000 00e8 
  0x000001839494d960: bc6f 0200 | 4883 f800 | 0f85 0a00 | 0000 48b8 | 2815 d905 | 0700 0000 | e90a 0000 | 0048 b828 
  0x000001839494d980: 15d9 0507 | 0000 0048 | bee0 c3d8 | 0507 0000 | 0048 ba6d | 0000 0000 | 0000 004c | 8bc0 4c8b 
  0x000001839494d9a0: ce48 8984 | 2468 0200 | 0048 89b4 | 2460 0200 | 0066 0f1f | 4400 00e8 | 44fe 46ff | 488b d04c 
  0x000001839494d9c0: 8b84 2458 | 0200 004c | 8b8c 2460 | 0200 00e8 | 2cfe 46ff | 488b d04c | 8b84 2450 | 0200 004c 
  0x000001839494d9e0: 8b8c 2460 | 0200 00e8 | 14fe 46ff | 488b d04c | 8b84 2430 | 0200 004c | 8b8c 2460 | 0200 00e8 
  0x000001839494da00: fcfd 46ff | 488b d04c | 8b84 2438 | 0200 004c | 8b8c 2460 | 0200 00e8 | e4fd 46ff | 488b d04c 
  0x000001839494da20: 8b84 2440 | 0200 004c | 8b8c 2460 | 0200 00e8 | ccfd 46ff | 488b d04c | 8b84 2448 | 0200 004c 
  0x000001839494da40: 8b8c 2460 | 0200 00e8 | b4fd 46ff | 488b d04c | 8b84 2428 | 0200 004c | 8b8c 2460 | 0200 00e8 
  0x000001839494da60: 9cfd 46ff | 488b d04c | 8b84 2420 | 0200 004c | 8b8c 2460 | 0200 00e8 | 84fd 46ff | 4889 8424 
  0x000001839494da80: 7002 0000 | 48ba a094 | 1808 0700 | 0000 90e8 | ac56 2bff | 488b c841 | b801 0000 | 0041 d3f8 
  0x000001839494daa0: 4d63 c048 | 8b84 2470 | 0200 004c | 03c0 458b | c8b9 2000 | 0000 49d3 | f845 8bc0 | 450f bec0 
  0x000001839494dac0: 498b c841 | d3e1 49b8 | 5815 d905 | 0700 0000 | 48ba c815 | d905 0700 | 0000 0f1f | 4400 00e8 
  0x000001839494dae0: 9c9c 45ff | 4883 f800 | 0f84 2a00 | 0000 48bf | 3867 00a4 | 8301 0000 | 448b 4808 | 49ba 0000 
  0x000001839494db00: 00a4 8301 | 0000 4d03 | ca49 3b79 | 380f 85a4 | 0200 00e9 | 0000 0000 | 488b f048 | 89b4 2478 
  0x000001839494db20: 0200 0049 | b800 0000 | 0001 0000 | 0048 8b84 | 2470 0200 | 0049 3bc0 | 488b 8424 | 7002 0000 
  0x000001839494db40: 0f8d 2300 | 0000 48ba | a094 1808 | 0700 0000 | 448b c84c | 8bc6 bf00 | 0000 000f | 1f40 00e8 
  0x000001839494db60: fc20 49ff | e923 0000 | 0048 baa0 | 9418 0807 | 0000 0044 | 8bc8 4c8b | 8424 7802 | 0000 bf01 
  0x000001839494db80: 0000 000f | 1f40 00e8 | d420 49ff | 488b b424 | 7802 0000 | 488b 8424 | 7002 0000 | 4c8b 8c24 
  0x000001839494dba0: 6802 0000 | 48bb 30d0 | d805 0700 | 0000 488b | d04c 8bc6 | 48bf 4094 | 1808 0700 | 0000 488b 
  0x000001839494dbc0: f348 899c | 2480 0200 | 0066 0f1f | 4400 00e8 | acc4 46ff | 488b d04c | 8b84 2478 | 0200 004c 
  0x000001839494dbe0: 8b8c 2458 | 0200 0048 | bfe0 9318 | 0807 0000 | 0048 8bb4 | 2480 0200 | 0066 0f1f | 4400 00e8 
  0x000001839494dc00: 7cc4 46ff | 488b d04c | 8b84 2478 | 0200 004c | 8b8c 2450 | 0200 0048 | bf80 9318 | 0807 0000 
  0x000001839494dc20: 0048 8bb4 | 2480 0200 | 0066 0f1f | 4400 00e8 | 4cc4 46ff | 488b d04c | 8b84 2478 | 0200 004c 
  0x000001839494dc40: 8b8c 2430 | 0200 0048 | bf20 9318 | 0807 0000 | 0048 8bb4 | 2480 0200 | 0066 0f1f | 4400 00e8 
  0x000001839494dc60: 1cc4 46ff | 488b d04c | 8b84 2478 | 0200 004c | 8b8c 2438 | 0200 0048 | bfc8 9218 | 0807 0000 
  0x000001839494dc80: 0048 8bb4 | 2480 0200 | 0066 0f1f | 4400 00e8 | ecc3 46ff | 488b d04c | 8b84 2478 | 0200 004c 
  0x000001839494dca0: 8b8c 2440 | 0200 0048 | bf68 9218 | 0807 0000 | 0048 8bb4 | 2480 0200 | 0066 0f1f | 4400 00e8 
  0x000001839494dcc0: bcc3 46ff | 488b d04c | 8b84 2478 | 0200 004c | 8b8c 2448 | 0200 0048 | bf08 9218 | 0807 0000 
  0x000001839494dce0: 0048 8bb4 | 2480 0200 | 0066 0f1f | 4400 00e8 | 8cc3 46ff | 488b d04c | 8b84 2478 | 0200 004c 
  0x000001839494dd00: 8b8c 2428 | 0200 0048 | bfa8 9118 | 0807 0000 | 0048 8bb4 | 2480 0200 | 0066 0f1f | 4400 00e8 
  0x000001839494dd20: 5cc3 46ff | 488b d04c | 8b84 2478 | 0200 004c | 8b8c 2420 | 0200 0048 | bf40 9118 | 0807 0000 
  0x000001839494dd40: 0048 8bb4 | 2480 0200 | 0066 0f1f | 4400 00e8 | 2cc3 46ff | 488b 9424 | 7802 0000 | 4c8b c049 
  0x000001839494dd60: b9f0 e1d8 | 0507 0000 | 0066 0f1f | 4400 00e8 | 0cb2 46ff | 4881 c490 | 0200 005d | 493b a740 
  0x000001839494dd80: 0300 000f | 8737 0000 | 00c3 e891 | 842a ffe8 | 8c84 2aff | e887 842a | ffe8 8284 | 2aff e87d 
  0x000001839494dda0: 842a ffe8 | 7884 2aff | e873 842a | ffe8 6e84 | 2aff e869 | 842a ff48 | 8904 24e8 | 60bc 2aff 
  0x000001839494ddc0: 49ba 7cdd | 9494 8301 | 0000 4d89 | 9758 0300 | 00e9 aa6b | 20ff 9090 | 9049 8b87 | d003 0000 
  0x000001839494dde0: 49c7 87d0 | 0300 0000 | 0000 0049 | c787 d803 | 0000 0000 | 0000 4881 | c490 0200 | 005d e9fd 
  0x000001839494de00: 742a fff4 | f4f4 f4f4 | f4f4 f4f4 | f4f4 f4f4 | f4f4 f4f4 | f4f4 f4f4 | f4f4 f4f4 | f4f4 f4f4 
  0x000001839494de20: 0f1f 4400 | 0048 bb00 | 0000 0000 | 0000 00e9 | fbff ffff | 9048 bb00 | 0000 0000 | 0000 00e9 
  0x000001839494de40: fbff ffff | 9048 bb00 | 0000 0000 | 0000 00e9 | fbff ffff | 9048 bb00 | 0000 0000 | 0000 00e9 
  0x000001839494de60: fbff ffff | 9048 bb00 | 0000 0000 | 0000 00e9 | fbff ffff | 9048 bb00 | 0000 0000 | 0000 00e9 
  0x000001839494de80: fbff ffff | 9048 bb00 | 0000 0000 | 0000 00e9 | fbff ffff | 9048 bb00 | 0000 0000 | 0000 00e9 
  0x000001839494dea0: fbff ffff | 9048 bb00 | 0000 0000 | 0000 00e9 | fbff ffff | 9048 bb00 | 0000 0000 | 0000 00e9 
  0x000001839494dec0: fbff ffff | 9048 bb00 | 0000 0000 | 0000 00e9 | fbff ffff | 9048 bb00 | 0000 0000 | 0000 00e9 
  0x000001839494dee0: fbff ffff | 9048 bb00 | 0000 0000 | 0000 00e9 | fbff ffff | 9048 bb00 | 0000 0000 | 0000 00e9 
  0x000001839494df00: fbff ffff | 9048 bb00 | 0000 0000 | 0000 00e9 | fbff ffff | 9048 bb00 | 0000 0000 | 0000 00e9 
  0x000001839494df20: fbff ffff | 9048 bb00 | 0000 0000 | 0000 00e9 | fbff ffff | 9048 bb00 | 0000 0000 | 0000 00e9 
  0x000001839494df40: fbff ffff | 9048 bb00 | 0000 0000 | 0000 00e9 | fbff ffff | 9048 bb00 | 0000 0000 | 0000 00e9 
  0x000001839494df60: fbff ffff | 9048 bb00 | 0000 0000 | 0000 00e9 | fbff ffff | 9048 bb00 | 0000 0000 | 0000 00e9 
  0x000001839494df80: fbff ffff | 9048 bb00 | 0000 0000 | 0000 00e9 | fbff ffff | 9048 bb00 | 0000 0000 | 0000 00e9 
  0x000001839494dfa0: fbff ffff | 9048 bb00 | 0000 0000 | 0000 00e9 | fbff ffff | 9048 bb00 | 0000 0000 | 0000 00e9 
  0x000001839494dfc0: fbff ffff | 9048 bb00 | 0000 0000 | 0000 00e9 | fbff ffff | 9048 bb00 | 0000 0000 | 0000 00e9 
  0x000001839494dfe0: fbff ffff | 9048 bb00 | 0000 0000 | 0000 00e9 | fbff ffff | e807 b42a | ff48 b980 | df8d c3fe 
  0x000001839494e000: 7f00 0048 | 83e4 f049 | ba20 db5b | c3fe 7f00 | 0041 ffd2 | f449 ba15 | e094 9483 | 0100 0041 
  0x000001839494e020: 52e9 fa7d | 20ff 49ba | 26e0 9494 | 8301 0000 | 4152 e9e9 | 7d20 fff4 
[/MachCode]
--------------------------------------------------------------------------------


---------------  P R O C E S S  ---------------

Threads class SMR info:
_java_thread_list=0x00000183eab9ab40, length=60, elements={
0x00000183a34de670, 0x00000183a37053a0, 0x00000183a3720380, 0x00000183a3722d40,
0x00000183a37236f0, 0x00000183a37260b0, 0x00000183a3726b10, 0x00000183a3727500,
0x00000183a379c8a0, 0x00000183a38120e0, 0x00000183a34cd4f0, 0x00000183e9233820,
0x00000183e92396f0, 0x00000183e9351200, 0x00000183e9344df0, 0x00000183e9a739f0,
0x00000183ea073840, 0x00000183ea049450, 0x00000183ea2c2b00, 0x00000183e9cd1420,
0x00000183e9cd18f0, 0x00000183ea2aa780, 0x00000183ea3ae210, 0x00000183ea3aca00,
0x00000183ea3af080, 0x00000183ea3aced0, 0x00000183ea3ad3a0, 0x00000183ea3af550,
0x00000183ea3ac530, 0x00000183ea3ad870, 0x00000183ea3ac060, 0x00000183ea3afa20,
0x00000183ea3add40, 0x00000183ea3ae6e0, 0x00000183ea3aebb0, 0x00000183ea8ba370,
0x00000183ea8c0880, 0x00000183ea8bb6b0, 0x00000183ea8bad10, 0x00000183ea8bdd30,
0x00000183ea8c0d50, 0x00000183ea8be6d0, 0x00000183ea8c1220, 0x00000183ea8beba0,
0x00000183ea8ba840, 0x00000183ea8be200, 0x00000183ea8bb1e0, 0x00000183ea8bf070,
0x00000183ea8bcec0, 0x00000183ea8bd390, 0x00000183ea8c16f0, 0x00000183ea8bbb80,
0x00000183ea8c1bc0, 0x00000183ea8c03b0, 0x00000183ea8bc520, 0x00000183ea8bc9f0,
0x00000183ea8bf540, 0x00000183ea8bd860, 0x00000183ea8bfa10, 0x00000183ea8bfee0
}

Java Threads: ( => current thread )
  0x00000183a34de670 JavaThread "Reference Handler" daemon [_thread_blocked, id=23068, stack(0x0000004ac9700000,0x0000004ac9800000)]
  0x00000183a37053a0 JavaThread "Finalizer" daemon [_thread_blocked, id=14292, stack(0x0000004ac9800000,0x0000004ac9900000)]
  0x00000183a3720380 JavaThread "Signal Dispatcher" daemon [_thread_blocked, id=4800, stack(0x0000004ac9900000,0x0000004ac9a00000)]
  0x00000183a3722d40 JavaThread "Attach Listener" daemon [_thread_blocked, id=22748, stack(0x0000004ac9a00000,0x0000004ac9b00000)]
  0x00000183a37236f0 JavaThread "Service Thread" daemon [_thread_blocked, id=23040, stack(0x0000004ac9b00000,0x0000004ac9c00000)]
  0x00000183a37260b0 JavaThread "Monitor Deflation Thread" daemon [_thread_blocked, id=14592, stack(0x0000004ac9c00000,0x0000004ac9d00000)]
  0x00000183a3726b10 JavaThread "C1 CompilerThread0" daemon [_thread_blocked, id=1764, stack(0x0000004ac9d00000,0x0000004ac9e00000)]
  0x00000183a3727500 JavaThread "Sweeper thread" daemon [_thread_blocked, id=23160, stack(0x0000004ac9e00000,0x0000004ac9f00000)]
  0x00000183a379c8a0 JavaThread "Common-Cleaner" daemon [_thread_blocked, id=10916, stack(0x0000004ac9f00000,0x0000004aca000000)]
  0x00000183a38120e0 JavaThread "C1 CompilerThread1" daemon [_thread_blocked, id=23460, stack(0x0000004aca000000,0x0000004aca100000)]
  0x00000183a34cd4f0 JavaThread "C1 CompilerThread2" daemon [_thread_blocked, id=14064, stack(0x0000004aca100000,0x0000004aca200000)]
  0x00000183e9233820 JavaThread "Monitor Ctrl-Break" daemon [_thread_in_native, id=8120, stack(0x0000004aca200000,0x0000004aca300000)]
  0x00000183e92396f0 JavaThread "Notification Thread" daemon [_thread_blocked, id=20620, stack(0x0000004aca300000,0x0000004aca400000)]
  0x00000183e9351200 JavaThread "C1 CompilerThread3" daemon [_thread_blocked, id=16460, stack(0x0000004aca400000,0x0000004aca500000)]
  0x00000183e9344df0 JavaThread "RMI TCP Accept-0" daemon [_thread_in_native, id=16624, stack(0x0000004aca500000,0x0000004aca600000)]
  0x00000183e9a739f0 JavaThread "C1 CompilerThread4" daemon [_thread_blocked, id=4368, stack(0x0000004acb000000,0x0000004acb100000)]
  0x00000183ea073840 JavaThread "RMI TCP Connection(3)-192.168.60.81" daemon [_thread_in_native, id=9472, stack(0x0000004acb500000,0x0000004acb600000)]
  0x00000183ea049450 JavaThread "RMI Scheduler(0)" daemon [_thread_blocked, id=18112, stack(0x0000004acb600000,0x0000004acb700000)]
  0x00000183ea2c2b00 JavaThread "Catalina-utility-1" [_thread_blocked, id=22540, stack(0x0000004acb900000,0x0000004acba00000)]
  0x00000183e9cd1420 JavaThread "Catalina-utility-2" [_thread_blocked, id=8492, stack(0x0000004acba00000,0x0000004acbb00000)]
  0x00000183e9cd18f0 JavaThread "container-0" [_thread_blocked, id=18664, stack(0x0000004acbb00000,0x0000004acbc00000)]
  0x00000183ea2aa780 JavaThread "mysql-cj-abandoned-connection-cleanup" daemon [_thread_blocked, id=11316, stack(0x0000004acbc00000,0x0000004acbd00000)]
  0x00000183ea3ae210 JavaThread "spring.cloud.inetutils" daemon [_thread_blocked, id=4236, stack(0x0000004acbd00000,0x0000004acbe00000)]
  0x00000183ea3aca00 JavaThread "lettuce-eventExecutorLoop-1-1" daemon [_thread_blocked, id=18628, stack(0x0000004acbe00000,0x0000004acbf00000)]
  0x00000183ea3af080 JavaThread "lettuce-timer-3-1" daemon [_thread_blocked, id=10976, stack(0x0000004acbf00000,0x0000004acc000000)]
  0x00000183ea3aced0 JavaThread "http-nio-8089-exec-1" daemon [_thread_blocked, id=17536, stack(0x0000004acc000000,0x0000004acc100000)]
  0x00000183ea3ad3a0 JavaThread "http-nio-8089-exec-2" daemon [_thread_blocked, id=22720, stack(0x0000004acc100000,0x0000004acc200000)]
  0x00000183ea3af550 JavaThread "http-nio-8089-exec-3" daemon [_thread_blocked, id=12688, stack(0x0000004acc200000,0x0000004acc300000)]
  0x00000183ea3ac530 JavaThread "http-nio-8089-exec-4" daemon [_thread_blocked, id=12804, stack(0x0000004acc300000,0x0000004acc400000)]
  0x00000183ea3ad870 JavaThread "http-nio-8089-exec-5" daemon [_thread_blocked, id=5768, stack(0x0000004acc400000,0x0000004acc500000)]
  0x00000183ea3ac060 JavaThread "http-nio-8089-exec-6" daemon [_thread_blocked, id=16892, stack(0x0000004acc500000,0x0000004acc600000)]
  0x00000183ea3afa20 JavaThread "http-nio-8089-exec-7" daemon [_thread_blocked, id=19812, stack(0x0000004acc600000,0x0000004acc700000)]
  0x00000183ea3add40 JavaThread "http-nio-8089-exec-8" daemon [_thread_blocked, id=17448, stack(0x0000004acc700000,0x0000004acc800000)]
  0x00000183ea3ae6e0 JavaThread "http-nio-8089-exec-9" daemon [_thread_blocked, id=10412, stack(0x0000004acc800000,0x0000004acc900000)]
  0x00000183ea3aebb0 JavaThread "http-nio-8089-exec-10" daemon [_thread_blocked, id=21424, stack(0x0000004acc900000,0x0000004acca00000)]
  0x00000183ea8ba370 JavaThread "http-nio-8089-Poller" daemon [_thread_in_native, id=23228, stack(0x0000004acca00000,0x0000004accb00000)]
  0x00000183ea8c0880 JavaThread "http-nio-8089-Acceptor" daemon [_thread_in_native, id=15968, stack(0x0000004accb00000,0x0000004accc00000)]
  0x00000183ea8bb6b0 JavaThread "AMQP Connection 8.134.202.211:5672" [_thread_in_native, id=12244, stack(0x0000004accd00000,0x0000004acce00000)]
  0x00000183ea8bad10 JavaThread "pool-2-thread-2" [_thread_blocked, id=10816, stack(0x0000004acce00000,0x0000004accf00000)]
  0x00000183ea8bdd30 JavaThread "org.springframework.amqp.rabbit.RabbitListenerEndpointContainer#0-1" [_thread_blocked, id=23028, stack(0x0000004accf00000,0x0000004acd000000)]
  0x00000183ea8c0d50 JavaThread "pool-2-thread-3" [_thread_blocked, id=10700, stack(0x0000004acb100000,0x0000004acb200000)]
=>0x00000183ea8be6d0 JavaThread "org.springframework.amqp.rabbit.RabbitListenerEndpointContainer#1-1" [_thread_in_Java, id=16608, stack(0x0000004acd000000,0x0000004acd100000)]
  0x00000183ea8c1220 JavaThread "pool-2-thread-4" [_thread_blocked, id=1152, stack(0x0000004acd100000,0x0000004acd200000)]
  0x00000183ea8beba0 JavaThread "HikariPool-1 housekeeper" daemon [_thread_blocked, id=16244, stack(0x0000004acd200000,0x0000004acd300000)]
  0x00000183ea8ba840 JavaThread "pool-2-thread-5" [_thread_blocked, id=3500, stack(0x0000004acd300000,0x0000004acd400000)]
  0x00000183ea8be200 JavaThread "pool-2-thread-6" [_thread_blocked, id=15144, stack(0x0000004acd400000,0x0000004acd500000)]
  0x00000183ea8bb1e0 JavaThread "DestroyJavaVM" [_thread_blocked, id=4856, stack(0x0000004ac9000000,0x0000004ac9100000)]
  0x00000183ea8bf070 JavaThread "pool-2-thread-7" [_thread_blocked, id=14576, stack(0x0000004acd600000,0x0000004acd700000)]
  0x00000183ea8bcec0 JavaThread "pool-2-thread-8" [_thread_blocked, id=23248, stack(0x0000004acd700000,0x0000004acd800000)]
  0x00000183ea8bd390 JavaThread "pool-2-thread-9" [_thread_blocked, id=21436, stack(0x0000004acd800000,0x0000004acd900000)]
  0x00000183ea8c16f0 JavaThread "pool-2-thread-10" [_thread_blocked, id=1268, stack(0x0000004acd900000,0x0000004acda00000)]
  0x00000183ea8bbb80 JavaThread "pool-2-thread-11" [_thread_blocked, id=22996, stack(0x0000004acda00000,0x0000004acdb00000)]
  0x00000183ea8c1bc0 JavaThread "pool-2-thread-12" [_thread_blocked, id=2216, stack(0x0000004acdb00000,0x0000004acdc00000)]
  0x00000183ea8c03b0 JavaThread "pool-2-thread-13" [_thread_blocked, id=22852, stack(0x0000004acdc00000,0x0000004acdd00000)]
  0x00000183ea8bc520 JavaThread "pool-2-thread-14" [_thread_blocked, id=16136, stack(0x0000004acdd00000,0x0000004acde00000)]
  0x00000183ea8bc9f0 JavaThread "pool-2-thread-15" [_thread_blocked, id=448, stack(0x0000004acde00000,0x0000004acdf00000)]
  0x00000183ea8bf540 JavaThread "pool-2-thread-16" [_thread_blocked, id=7320, stack(0x0000004acdf00000,0x0000004ace000000)]
  0x00000183ea8bd860 JavaThread "pool-2-thread-17" [_thread_blocked, id=23284, stack(0x0000004ace000000,0x0000004ace100000)]
  0x00000183ea8bfa10 JavaThread "pool-2-thread-18" [_thread_blocked, id=3848, stack(0x0000004ace100000,0x0000004ace200000)]
  0x00000183ea8bfee0 JavaThread "RMI TCP Connection(idle)" daemon [_thread_blocked, id=14600, stack(0x0000004ace200000,0x0000004ace300000)]

Other Threads:
  0x00000183a34db7e0 VMThread "VM Thread" [stack: 0x0000004ac9600000,0x0000004ac9700000] [id=15332]
  0x000001838c311ae0 WatcherThread [stack: 0x0000004aca600000,0x0000004aca700000] [id=17968]
  0x000001838c2e6f20 GCTaskThread "GC Thread#0" [stack: 0x0000004ac9100000,0x0000004ac9200000] [id=5192]
  0x00000183e97187c0 GCTaskThread "GC Thread#1" [stack: 0x0000004aca700000,0x0000004aca800000] [id=2464]
  0x00000183e9718a70 GCTaskThread "GC Thread#2" [stack: 0x0000004aca800000,0x0000004aca900000] [id=21572]
  0x00000183e9726390 GCTaskThread "GC Thread#3" [stack: 0x0000004aca900000,0x0000004acaa00000] [id=16568]
  0x00000183e9726640 GCTaskThread "GC Thread#4" [stack: 0x0000004acaa00000,0x0000004acab00000] [id=13164]
  0x00000183e97268f0 GCTaskThread "GC Thread#5" [stack: 0x0000004acab00000,0x0000004acac00000] [id=12988]
  0x00000183e975d760 GCTaskThread "GC Thread#6" [stack: 0x0000004acac00000,0x0000004acad00000] [id=11708]
  0x00000183e9a0ecd0 GCTaskThread "GC Thread#7" [stack: 0x0000004acae00000,0x0000004acaf00000] [id=21796]
  0x00000183e9a544f0 GCTaskThread "GC Thread#8" [stack: 0x0000004acaf00000,0x0000004acb000000] [id=12348]
  0x00000183e9f4d560 GCTaskThread "GC Thread#9" [stack: 0x0000004acad00000,0x0000004acae00000] [id=22608]
  0x00000183e9fa2e60 GCTaskThread "GC Thread#10" [stack: 0x0000004acb200000,0x0000004acb300000] [id=20608]
  0x00000183e9fa3110 GCTaskThread "GC Thread#11" [stack: 0x0000004acb300000,0x0000004acb400000] [id=21800]
  0x00000183e9fa3bd0 GCTaskThread "GC Thread#12" [stack: 0x0000004acb400000,0x0000004acb500000] [id=22960]
  0x000001838c2f78b0 ConcurrentGCThread "G1 Main Marker" [stack: 0x0000004ac9200000,0x0000004ac9300000] [id=23056]
  0x000001838c2f82c0 ConcurrentGCThread "G1 Conc#0" [stack: 0x0000004ac9300000,0x0000004ac9400000] [id=20916]
  0x00000183ea0c5470 ConcurrentGCThread "G1 Conc#1" [stack: 0x0000004acb700000,0x0000004acb800000] [id=9996]
  0x00000183ea0c5720 ConcurrentGCThread "G1 Conc#2" [stack: 0x0000004acb800000,0x0000004acb900000] [id=2444]
  0x00000183a3399140 ConcurrentGCThread "G1 Refine#0" [stack: 0x0000004ac9400000,0x0000004ac9500000] [id=11580]
  0x00000183a3399b60 ConcurrentGCThread "G1 Service" [stack: 0x0000004ac9500000,0x0000004ac9600000] [id=8676]

Threads with active compile tasks:

VM state: not at safepoint (normal execution)

VM Mutex/Monitor currently owned by a thread: None

Heap address: 0x0000000705a00000, size: 4006 MB, Compressed Oops mode: Zero based, Oop shift amount: 3

CDS archive(s) mapped at: [0x00000183a4000000-0x00000183a4bd0000-0x00000183a4bd0000), size 12386304, SharedBaseAddress: 0x00000183a4000000, ArchiveRelocationMode: 1.
Compressed class space mapped at: 0x00000183a5000000-0x00000183e5000000, reserved size: 1073741824
Narrow klass base: 0x00000183a4000000, Narrow klass shift: 0, Narrow klass range: 0x100000000

GC Precious Log:
 CPUs: 16 total, 16 available
 Memory: 16021M
 Large Page Support: Disabled
 NUMA Support: Disabled
 Compressed Oops: Enabled (Zero based)
 Heap Region Size: 2M
 Heap Min Capacity: 8M
 Heap Initial Capacity: 252M
 Heap Max Capacity: 4006M
 Pre-touch: Disabled
 Parallel Workers: 13
 Concurrent Workers: 3
 Concurrent Refinement Workers: 13
 Periodic GC: Disabled

Heap:
 garbage-first heap   total 159744K, used 77752K [0x0000000705a00000, 0x0000000800000000)
  region size 2048K, 29 young (59392K), 2 survivors (4096K)
 Metaspace       used 43640K, committed 44224K, reserved 1114112K
  class space    used 5849K, committed 6144K, reserved 1048576K

Heap Regions: E=young(eden), S=young(survivor), O=old, HS=humongous(starts), HC=humongous(continues), CS=collection set, F=free, OA=open archive, CA=closed archive, TAMS=top-at-mark-start (previous, next)
|   0|0x0000000705a00000, 0x0000000705c00000, 0x0000000705c00000|100%| O|  |TAMS 0x0000000705c00000, 0x0000000705a00000| Untracked 
|   1|0x0000000705c00000, 0x0000000705e00000, 0x0000000705e00000|100%| O|  |TAMS 0x0000000705e00000, 0x0000000705c00000| Untracked 
|   2|0x0000000705e00000, 0x0000000706000000, 0x0000000706000000|100%| O|  |TAMS 0x0000000706000000, 0x0000000705e00000| Untracked 
|   3|0x0000000706000000, 0x0000000706200000, 0x0000000706200000|100%| O|  |TAMS 0x0000000706000000, 0x0000000706000000| Untracked 
|   4|0x0000000706200000, 0x0000000706400000, 0x0000000706400000|100%| O|  |TAMS 0x0000000706400000, 0x0000000706200000| Untracked 
|   5|0x0000000706400000, 0x0000000706600000, 0x0000000706600000|100%| O|  |TAMS 0x0000000706600000, 0x0000000706400000| Untracked 
|   6|0x0000000706600000, 0x0000000706800000, 0x0000000706800000|100%| O|  |TAMS 0x0000000706600000, 0x0000000706600000| Untracked 
|   7|0x0000000706800000, 0x00000007068b5400, 0x0000000706a00000| 35%| O|  |TAMS 0x0000000706800000, 0x0000000706800000| Untracked 
|   8|0x0000000706a00000, 0x0000000706a00000, 0x0000000706c00000|  0%| F|  |TAMS 0x0000000706a00000, 0x0000000706a00000| Untracked 
|   9|0x0000000706c00000, 0x0000000706c00000, 0x0000000706e00000|  0%| F|  |TAMS 0x0000000706c00000, 0x0000000706c00000| Untracked 
|  10|0x0000000706e00000, 0x0000000706e00000, 0x0000000707000000|  0%| F|  |TAMS 0x0000000706e00000, 0x0000000706e00000| Untracked 
|  11|0x0000000707000000, 0x0000000707200000, 0x0000000707200000|100%| O|  |TAMS 0x0000000707200000, 0x0000000707000000| Untracked 
|  12|0x0000000707200000, 0x0000000707400000, 0x0000000707400000|100%| O|  |TAMS 0x0000000707400000, 0x0000000707200000| Untracked 
|  13|0x0000000707400000, 0x0000000707600000, 0x0000000707600000|100%| O|  |TAMS 0x0000000707600000, 0x0000000707400000| Untracked 
|  14|0x0000000707600000, 0x0000000707800000, 0x0000000707800000|100%| O|  |TAMS 0x000000070769b400, 0x0000000707600000| Untracked 
|  15|0x0000000707800000, 0x0000000707800000, 0x0000000707a00000|  0%| F|  |TAMS 0x0000000707800000, 0x0000000707800000| Untracked 
|  16|0x0000000707a00000, 0x0000000707a00000, 0x0000000707c00000|  0%| F|  |TAMS 0x0000000707a00000, 0x0000000707a00000| Untracked 
|  17|0x0000000707c00000, 0x0000000707c00000, 0x0000000707e00000|  0%| F|  |TAMS 0x0000000707c00000, 0x0000000707c00000| Untracked 
|  18|0x0000000707e00000, 0x0000000707f38c00, 0x0000000708000000| 61%| S|CS|TAMS 0x0000000707e00000, 0x0000000707e00000| Complete 
|  19|0x0000000708000000, 0x0000000708200000, 0x0000000708200000|100%| S|CS|TAMS 0x0000000708000000, 0x0000000708000000| Complete 
|  20|0x0000000708200000, 0x0000000708200000, 0x0000000708400000|  0%| F|  |TAMS 0x0000000708200000, 0x0000000708200000| Untracked 
|  21|0x0000000708400000, 0x0000000708400000, 0x0000000708600000|  0%| F|  |TAMS 0x0000000708400000, 0x0000000708400000| Untracked 
|  22|0x0000000708600000, 0x0000000708600000, 0x0000000708800000|  0%| F|  |TAMS 0x0000000708600000, 0x0000000708600000| Untracked 
|  23|0x0000000708800000, 0x0000000708800000, 0x0000000708a00000|  0%| F|  |TAMS 0x0000000708800000, 0x0000000708800000| Untracked 
|  24|0x0000000708a00000, 0x0000000708a00000, 0x0000000708c00000|  0%| F|  |TAMS 0x0000000708a00000, 0x0000000708a00000| Untracked 
|  25|0x0000000708c00000, 0x0000000708c00000, 0x0000000708e00000|  0%| F|  |TAMS 0x0000000708c00000, 0x0000000708c00000| Untracked 
|  26|0x0000000708e00000, 0x0000000708e00000, 0x0000000709000000|  0%| F|  |TAMS 0x0000000708e00000, 0x0000000708e00000| Untracked 
|  27|0x0000000709000000, 0x0000000709000000, 0x0000000709200000|  0%| F|  |TAMS 0x0000000709000000, 0x0000000709000000| Untracked 
|  28|0x0000000709200000, 0x0000000709200000, 0x0000000709400000|  0%| F|  |TAMS 0x0000000709200000, 0x0000000709200000| Untracked 
|  29|0x0000000709400000, 0x0000000709400000, 0x0000000709600000|  0%| F|  |TAMS 0x0000000709400000, 0x0000000709400000| Untracked 
|  30|0x0000000709600000, 0x0000000709600000, 0x0000000709800000|  0%| F|  |TAMS 0x0000000709600000, 0x0000000709600000| Untracked 
|  31|0x0000000709800000, 0x0000000709800000, 0x0000000709a00000|  0%| F|  |TAMS 0x0000000709800000, 0x0000000709800000| Untracked 
|  32|0x0000000709a00000, 0x0000000709a00000, 0x0000000709c00000|  0%| F|  |TAMS 0x0000000709a00000, 0x0000000709a00000| Untracked 
|  33|0x0000000709c00000, 0x0000000709c00000, 0x0000000709e00000|  0%| F|  |TAMS 0x0000000709c00000, 0x0000000709c00000| Untracked 
|  34|0x0000000709e00000, 0x0000000709e00000, 0x000000070a000000|  0%| F|  |TAMS 0x0000000709e00000, 0x0000000709e00000| Untracked 
|  35|0x000000070a000000, 0x000000070a000000, 0x000000070a200000|  0%| F|  |TAMS 0x000000070a000000, 0x000000070a000000| Untracked 
|  36|0x000000070a200000, 0x000000070a200000, 0x000000070a400000|  0%| F|  |TAMS 0x000000070a200000, 0x000000070a200000| Untracked 
|  37|0x000000070a400000, 0x000000070a400000, 0x000000070a600000|  0%| F|  |TAMS 0x000000070a400000, 0x000000070a400000| Untracked 
|  38|0x000000070a600000, 0x000000070a600000, 0x000000070a800000|  0%| F|  |TAMS 0x000000070a600000, 0x000000070a600000| Untracked 
|  39|0x000000070a800000, 0x000000070a800000, 0x000000070aa00000|  0%| F|  |TAMS 0x000000070a800000, 0x000000070a800000| Untracked 
|  40|0x000000070aa00000, 0x000000070aa00000, 0x000000070ac00000|  0%| F|  |TAMS 0x000000070aa00000, 0x000000070aa00000| Untracked 
|  41|0x000000070ac00000, 0x000000070ac00000, 0x000000070ae00000|  0%| F|  |TAMS 0x000000070ac00000, 0x000000070ac00000| Untracked 
|  42|0x000000070ae00000, 0x000000070ae00000, 0x000000070b000000|  0%| F|  |TAMS 0x000000070ae00000, 0x000000070ae00000| Untracked 
|  43|0x000000070b000000, 0x000000070b000000, 0x000000070b200000|  0%| F|  |TAMS 0x000000070b000000, 0x000000070b000000| Untracked 
|  44|0x000000070b200000, 0x000000070b200000, 0x000000070b400000|  0%| F|  |TAMS 0x000000070b200000, 0x000000070b200000| Untracked 
|  45|0x000000070b400000, 0x000000070b400000, 0x000000070b600000|  0%| F|  |TAMS 0x000000070b400000, 0x000000070b400000| Untracked 
|  46|0x000000070b600000, 0x000000070b600000, 0x000000070b800000|  0%| F|  |TAMS 0x000000070b600000, 0x000000070b600000| Untracked 
|  47|0x000000070b800000, 0x000000070b800000, 0x000000070ba00000|  0%| F|  |TAMS 0x000000070b800000, 0x000000070b800000| Untracked 
|  48|0x000000070ba00000, 0x000000070ba00000, 0x000000070bc00000|  0%| F|  |TAMS 0x000000070ba00000, 0x000000070ba00000| Untracked 
|  49|0x000000070bc00000, 0x000000070bc00000, 0x000000070be00000|  0%| F|  |TAMS 0x000000070bc00000, 0x000000070bc00000| Untracked 
|  50|0x000000070be00000, 0x000000070be00000, 0x000000070c000000|  0%| F|  |TAMS 0x000000070be00000, 0x000000070be00000| Untracked 
|  51|0x000000070c000000, 0x000000070c1b4bc8, 0x000000070c200000| 85%| E|  |TAMS 0x000000070c000000, 0x000000070c000000| Complete 
|  52|0x000000070c200000, 0x000000070c400000, 0x000000070c400000|100%| E|  |TAMS 0x000000070c200000, 0x000000070c200000| Complete 
|  53|0x000000070c400000, 0x000000070c600000, 0x000000070c600000|100%| E|CS|TAMS 0x000000070c400000, 0x000000070c400000| Complete 
|  54|0x000000070c600000, 0x000000070c800000, 0x000000070c800000|100%| E|CS|TAMS 0x000000070c600000, 0x000000070c600000| Complete 
|  55|0x000000070c800000, 0x000000070ca00000, 0x000000070ca00000|100%| E|CS|TAMS 0x000000070c800000, 0x000000070c800000| Complete 
|  56|0x000000070ca00000, 0x000000070cc00000, 0x000000070cc00000|100%| E|CS|TAMS 0x000000070ca00000, 0x000000070ca00000| Complete 
|  57|0x000000070cc00000, 0x000000070ce00000, 0x000000070ce00000|100%| E|CS|TAMS 0x000000070cc00000, 0x000000070cc00000| Complete 
|  58|0x000000070ce00000, 0x000000070d000000, 0x000000070d000000|100%| E|CS|TAMS 0x000000070ce00000, 0x000000070ce00000| Complete 
|  59|0x000000070d000000, 0x000000070d200000, 0x000000070d200000|100%| E|CS|TAMS 0x000000070d000000, 0x000000070d000000| Complete 
|  60|0x000000070d200000, 0x000000070d400000, 0x000000070d400000|100%| E|CS|TAMS 0x000000070d200000, 0x000000070d200000| Complete 
|  61|0x000000070d400000, 0x000000070d600000, 0x000000070d600000|100%| E|CS|TAMS 0x000000070d400000, 0x000000070d400000| Complete 
|  62|0x000000070d600000, 0x000000070d800000, 0x000000070d800000|100%| E|CS|TAMS 0x000000070d600000, 0x000000070d600000| Complete 
|  63|0x000000070d800000, 0x000000070da00000, 0x000000070da00000|100%| E|CS|TAMS 0x000000070d800000, 0x000000070d800000| Complete 
|  64|0x000000070da00000, 0x000000070dc00000, 0x000000070dc00000|100%| E|CS|TAMS 0x000000070da00000, 0x000000070da00000| Complete 
|  65|0x000000070dc00000, 0x000000070de00000, 0x000000070de00000|100%| E|CS|TAMS 0x000000070dc00000, 0x000000070dc00000| Complete 
|  66|0x000000070de00000, 0x000000070e000000, 0x000000070e000000|100%| E|CS|TAMS 0x000000070de00000, 0x000000070de00000| Complete 
|  67|0x000000070e000000, 0x000000070e200000, 0x000000070e200000|100%| E|CS|TAMS 0x000000070e000000, 0x000000070e000000| Complete 
|  68|0x000000070e200000, 0x000000070e400000, 0x000000070e400000|100%| E|CS|TAMS 0x000000070e200000, 0x000000070e200000| Complete 
|  69|0x000000070e400000, 0x000000070e600000, 0x000000070e600000|100%| E|CS|TAMS 0x000000070e400000, 0x000000070e400000| Complete 
|  70|0x000000070e600000, 0x000000070e800000, 0x000000070e800000|100%| E|CS|TAMS 0x000000070e600000, 0x000000070e600000| Complete 
|  71|0x000000070e800000, 0x000000070ea00000, 0x000000070ea00000|100%| E|CS|TAMS 0x000000070e800000, 0x000000070e800000| Complete 
|  72|0x000000070ea00000, 0x000000070ec00000, 0x000000070ec00000|100%| E|CS|TAMS 0x000000070ea00000, 0x000000070ea00000| Complete 
| 114|0x0000000713e00000, 0x0000000714000000, 0x0000000714000000|100%| E|CS|TAMS 0x0000000713e00000, 0x0000000713e00000| Complete 
| 115|0x0000000714000000, 0x0000000714200000, 0x0000000714200000|100%| E|CS|TAMS 0x0000000714000000, 0x0000000714000000| Complete 
| 116|0x0000000714200000, 0x0000000714400000, 0x0000000714400000|100%| E|CS|TAMS 0x0000000714200000, 0x0000000714200000| Complete 
| 117|0x0000000714400000, 0x0000000714600000, 0x0000000714600000|100%| E|CS|TAMS 0x0000000714400000, 0x0000000714400000| Complete 
| 125|0x0000000715400000, 0x0000000715600000, 0x0000000715600000|100%| E|CS|TAMS 0x0000000715400000, 0x0000000715400000| Complete 

Card table byte_map: [0x0000018397940000,0x0000018398120000] _byte_map_base: 0x0000018394113000

Marking Bits (Prev, Next): (CMBitMap*) 0x000001838c2e7530, (CMBitMap*) 0x000001838c2e7570
 Prev Bits: [0x0000018398900000, 0x000001839c798000)
 Next Bits: [0x000001839c7a0000, 0x00000183a0638000)

Polling page: 0x000001838ba30000

Metaspace:

Usage:
  Non-class:     36.91 MB used.
      Class:      5.71 MB used.
       Both:     42.62 MB used.

Virtual space:
  Non-class space:       64.00 MB reserved,      37.19 MB ( 58%) committed,  1 nodes.
      Class space:        1.00 GB reserved,       6.00 MB ( <1%) committed,  1 nodes.
             Both:        1.06 GB reserved,      43.19 MB (  4%) committed. 

Chunk freelists:
   Non-Class:  10.84 MB
       Class:  10.03 MB
        Both:  20.87 MB

MaxMetaspaceSize: unlimited
CompressedClassSpaceSize: 1.00 GB
Initial GC threshold: 21.00 MB
Current GC threshold: 59.06 MB
CDS: on
MetaspaceReclaimPolicy: balanced
 - commit_granule_bytes: 65536.
 - commit_granule_words: 8192.
 - virtual_space_node_default_size: 8388608.
 - enlarge_chunks_in_place: 1.
 - new_chunks_are_fully_committed: 0.
 - uncommit_free_chunks: 1.
 - use_allocation_guard: 0.
 - handle_deallocations: 1.


Internal statistics:

num_allocs_failed_limit: 6.
num_arena_births: 790.
num_arena_deaths: 0.
num_vsnodes_births: 2.
num_vsnodes_deaths: 0.
num_space_committed: 691.
num_space_uncommitted: 0.
num_chunks_returned_to_freelist: 6.
num_chunks_taken_from_freelist: 2365.
num_chunk_merges: 6.
num_chunk_splits: 1609.
num_chunks_enlarged: 1135.
num_purges: 0.
num_inconsistent_stats: 0.

CodeCache: size=49152Kb used=13664Kb max_used=14930Kb free=35488Kb
 bounds [0x0000018393b00000, 0x00000183949a0000, 0x0000018396b00000]
 total_blobs=6867 nmethods=6240 adapters=550
 compilation: enabled
              stopped_count=0, restarted_count=0
 full_count=0

Compilation events (20 events):
Event: 8.933 Thread 0x00000183a38120e0 6233       1       java.math.BigDecimal::compareTo (115 bytes)
Event: 8.933 Thread 0x00000183a34cd4f0 nmethod 6232 0x000001839491e310 code [0x000001839491e500, 0x000001839491e848]
Event: 8.933 Thread 0x00000183e9a739f0 nmethod 6228 0x000001839491d690 code [0x000001839491d8c0, 0x000001839491dee8]
Event: 8.933 Thread 0x00000183a38120e0 nmethod 6233 0x000001839491d010 code [0x000001839491d1e0, 0x000001839491d528]
Event: 8.934 Thread 0x00000183e9351200 nmethod 6230 0x000001839491c090 code [0x000001839491c320, 0x000001839491cb28]
Event: 8.934 Thread 0x00000183a3726b10 nmethod 6229 0x0000018394919d10 code [0x000001839491a160, 0x000001839491b4c8]
Event: 8.947 Thread 0x00000183e9a739f0 6234   !   1       org.springframework.jdbc.datasource.DataSourceUtils::prepareConnectionForTransaction (183 bytes)
Event: 8.947 Thread 0x00000183e9a739f0 nmethod 6234 0x0000018394918d90 code [0x0000018394919040, 0x00000183949197a8]
Event: 8.948 Thread 0x00000183a3726b10 6235       1       java.time.format.DateTimeFormatterBuilder$FractionPrinterParser::convertToFraction (97 bytes)
Event: 8.948 Thread 0x00000183a3726b10 nmethod 6235 0x0000018394918410 code [0x0000018394918640, 0x00000183949189f8]
Event: 8.966 Thread 0x00000183a3726b10 6236       1       java.lang.String::encode8859_1 (158 bytes)
Event: 8.966 Thread 0x00000183a3726b10 nmethod 6236 0x0000018394917990 code [0x0000018394917b80, 0x00000183949181b8]
Event: 8.967 Thread 0x00000183a3726b10 6237       1       java.math.BigDecimal::createAndStripZerosToMatchScale (70 bytes)
Event: 8.968 Thread 0x00000183a3726b10 nmethod 6237 0x0000018394917490 code [0x0000018394917640, 0x0000018394917858]
Event: 9.025 Thread 0x00000183e9a739f0 6238       1       java.time.ZoneId::equals (39 bytes)
Event: 9.025 Thread 0x00000183e9a739f0 nmethod 6238 0x0000018394916f90 code [0x0000018394917160, 0x0000018394917388]
Event: 9.050 Thread 0x00000183a3726b10 6239       1       java.math.BigDecimal::stripTrailingZeros (71 bytes)
Event: 9.050 Thread 0x00000183a3726b10 nmethod 6239 0x0000018394916b10 code [0x0000018394916cc0, 0x0000018394916e98]
Event: 9.110 Thread 0x00000183a3726b10 6240   !   1       jdk.internal.reflect.GeneratedMethodAccessor15::invoke (74 bytes)
Event: 9.110 Thread 0x00000183a3726b10 nmethod 6240 0x0000018394916190 code [0x00000183949163a0, 0x00000183949167f8]

GC Heap History (20 events):
Event: 0.651 GC heap before
{Heap before GC invocations=1 (full 0):
 garbage-first heap   total 258048K, used 28165K [0x0000000705a00000, 0x0000000800000000)
  region size 2048K, 13 young (26624K), 2 survivors (4096K)
 Metaspace       used 11653K, committed 11968K, reserved 1114112K
  class space    used 1563K, committed 1728K, reserved 1048576K
}
Event: 0.654 GC heap after
{Heap after GC invocations=2 (full 0):
 garbage-first heap   total 258048K, used 9601K [0x0000000705a00000, 0x0000000800000000)
  region size 2048K, 1 young (2048K), 1 survivors (2048K)
 Metaspace       used 11653K, committed 11968K, reserved 1114112K
  class space    used 1563K, committed 1728K, reserved 1048576K
}
Event: 1.056 GC heap before
{Heap before GC invocations=2 (full 0):
 garbage-first heap   total 258048K, used 62849K [0x0000000705a00000, 0x0000000800000000)
  region size 2048K, 28 young (57344K), 1 survivors (2048K)
 Metaspace       used 19073K, committed 19392K, reserved 1114112K
  class space    used 2521K, committed 2688K, reserved 1048576K
}
Event: 1.059 GC heap after
{Heap after GC invocations=3 (full 0):
 garbage-first heap   total 258048K, used 13968K [0x0000000705a00000, 0x0000000800000000)
  region size 2048K, 3 young (6144K), 3 survivors (6144K)
 Metaspace       used 19073K, committed 19392K, reserved 1114112K
  class space    used 2521K, committed 2688K, reserved 1048576K
}
Event: 1.170 GC heap before
{Heap before GC invocations=3 (full 0):
 garbage-first heap   total 258048K, used 28304K [0x0000000705a00000, 0x0000000800000000)
  region size 2048K, 11 young (22528K), 3 survivors (6144K)
 Metaspace       used 21216K, committed 21504K, reserved 1114112K
  class space    used 2811K, committed 2944K, reserved 1048576K
}
Event: 1.172 GC heap after
{Heap after GC invocations=4 (full 0):
 garbage-first heap   total 258048K, used 14941K [0x0000000705a00000, 0x0000000800000000)
  region size 2048K, 4 young (8192K), 4 survivors (8192K)
 Metaspace       used 21216K, committed 21504K, reserved 1114112K
  class space    used 2811K, committed 2944K, reserved 1048576K
}
Event: 1.456 GC heap before
{Heap before GC invocations=5 (full 0):
 garbage-first heap   total 61440K, used 43613K [0x0000000705a00000, 0x0000000800000000)
  region size 2048K, 19 young (38912K), 4 survivors (8192K)
 Metaspace       used 25245K, committed 25664K, reserved 1114112K
  class space    used 3465K, committed 3648K, reserved 1048576K
}
Event: 1.461 GC heap after
{Heap after GC invocations=6 (full 0):
 garbage-first heap   total 61440K, used 17590K [0x0000000705a00000, 0x0000000800000000)
  region size 2048K, 5 young (10240K), 5 survivors (10240K)
 Metaspace       used 25245K, committed 25664K, reserved 1114112K
  class space    used 3465K, committed 3648K, reserved 1048576K
}
Event: 1.480 GC heap before
{Heap before GC invocations=6 (full 0):
 garbage-first heap   total 61440K, used 19638K [0x0000000705a00000, 0x0000000800000000)
  region size 2048K, 6 young (12288K), 5 survivors (10240K)
 Metaspace       used 25421K, committed 25792K, reserved 1114112K
  class space    used 3489K, committed 3648K, reserved 1048576K
}
Event: 1.487 GC heap after
{Heap after GC invocations=7 (full 0):
 garbage-first heap   total 61440K, used 18701K [0x0000000705a00000, 0x0000000800000000)
  region size 2048K, 1 young (2048K), 1 survivors (2048K)
 Metaspace       used 25421K, committed 25792K, reserved 1114112K
  class space    used 3489K, committed 3648K, reserved 1048576K
}
Event: 1.681 GC heap before
{Heap before GC invocations=7 (full 0):
 garbage-first heap   total 61440K, used 41229K [0x0000000705a00000, 0x0000000800000000)
  region size 2048K, 12 young (24576K), 1 survivors (2048K)
 Metaspace       used 28503K, committed 28992K, reserved 1114112K
  class space    used 3872K, committed 4096K, reserved 1048576K
}
Event: 1.682 GC heap after
{Heap after GC invocations=8 (full 0):
 garbage-first heap   total 61440K, used 18973K [0x0000000705a00000, 0x0000000800000000)
  region size 2048K, 1 young (2048K), 1 survivors (2048K)
 Metaspace       used 28503K, committed 28992K, reserved 1114112K
  class space    used 3872K, committed 4096K, reserved 1048576K
}
Event: 1.963 GC heap before
{Heap before GC invocations=8 (full 0):
 garbage-first heap   total 61440K, used 43549K [0x0000000705a00000, 0x0000000800000000)
  region size 2048K, 13 young (26624K), 1 survivors (2048K)
 Metaspace       used 30821K, committed 31232K, reserved 1114112K
  class space    used 4202K, committed 4416K, reserved 1048576K
}
Event: 1.964 GC heap after
{Heap after GC invocations=9 (full 0):
 garbage-first heap   total 61440K, used 20773K [0x0000000705a00000, 0x0000000800000000)
  region size 2048K, 2 young (4096K), 2 survivors (4096K)
 Metaspace       used 30821K, committed 31232K, reserved 1114112K
  class space    used 4202K, committed 4416K, reserved 1048576K
}
Event: 2.136 GC heap before
{Heap before GC invocations=9 (full 0):
 garbage-first heap   total 61440K, used 39205K [0x0000000705a00000, 0x0000000800000000)
  region size 2048K, 12 young (24576K), 2 survivors (4096K)
 Metaspace       used 35628K, committed 36096K, reserved 1114112K
  class space    used 4797K, committed 4992K, reserved 1048576K
}
Event: 2.138 GC heap after
{Heap after GC invocations=10 (full 0):
 garbage-first heap   total 61440K, used 23223K [0x0000000705a00000, 0x0000000800000000)
  region size 2048K, 2 young (4096K), 2 survivors (4096K)
 Metaspace       used 35628K, committed 36096K, reserved 1114112K
  class space    used 4797K, committed 4992K, reserved 1048576K
}
Event: 2.296 GC heap before
{Heap before GC invocations=11 (full 0):
 garbage-first heap   total 61440K, used 43703K [0x0000000705a00000, 0x0000000800000000)
  region size 2048K, 12 young (24576K), 2 survivors (4096K)
 Metaspace       used 38438K, committed 38848K, reserved 1114112K
  class space    used 5191K, committed 5376K, reserved 1048576K
}
Event: 2.298 GC heap after
{Heap after GC invocations=12 (full 0):
 garbage-first heap   total 61440K, used 25301K [0x0000000705a00000, 0x0000000800000000)
  region size 2048K, 1 young (2048K), 1 survivors (2048K)
 Metaspace       used 38438K, committed 38848K, reserved 1114112K
  class space    used 5191K, committed 5376K, reserved 1048576K
}
Event: 3.114 GC heap before
{Heap before GC invocations=12 (full 0):
 garbage-first heap   total 61440K, used 45781K [0x0000000705a00000, 0x0000000800000000)
  region size 2048K, 11 young (22528K), 1 survivors (2048K)
 Metaspace       used 42102K, committed 42688K, reserved 1114112K
  class space    used 5669K, committed 5952K, reserved 1048576K
}
Event: 3.116 GC heap after
{Heap after GC invocations=13 (full 0):
 garbage-first heap   total 159744K, used 26552K [0x0000000705a00000, 0x0000000800000000)
  region size 2048K, 2 young (4096K), 2 survivors (4096K)
 Metaspace       used 42102K, committed 42688K, reserved 1114112K
  class space    used 5669K, committed 5952K, reserved 1048576K
}

Deoptimization events (12 events):
Event: 0.702 Thread 0x000001838c27a260 DEOPT PACKING pc=0x000001839420a2f9 sp=0x0000004ac90fd640
Event: 0.702 Thread 0x000001838c27a260 DEOPT UNPACKING pc=0x0000018393b566e3 sp=0x0000004ac90fcb20 mode 3
Event: 0.782 Thread 0x000001838c27a260 DEOPT PACKING pc=0x0000018394257155 sp=0x0000004ac90fe450
Event: 0.782 Thread 0x000001838c27a260 DEOPT UNPACKING pc=0x0000018393b566e3 sp=0x0000004ac90fd8f8 mode 3
Event: 1.592 Thread 0x000001838c27a260 DEOPT PACKING pc=0x00000183944c5de5 sp=0x0000004ac90fc710
Event: 1.592 Thread 0x000001838c27a260 DEOPT UNPACKING pc=0x0000018393b566e3 sp=0x0000004ac90fbc78 mode 3
Event: 1.607 Thread 0x00000183e9cd1420 DEOPT PACKING pc=0x00000183940698af sp=0x0000004acbaff2a0
Event: 1.607 Thread 0x00000183e9cd1420 DEOPT UNPACKING pc=0x0000018393b566e3 sp=0x0000004acbafe708 mode 3
Event: 1.728 Thread 0x000001838c27a260 DEOPT PACKING pc=0x0000018394222652 sp=0x0000004ac90fd580
Event: 1.728 Thread 0x000001838c27a260 DEOPT UNPACKING pc=0x0000018393b566e3 sp=0x0000004ac90fca88 mode 3
Event: 1.729 Thread 0x000001838c27a260 DEOPT PACKING pc=0x00000183941fda65 sp=0x0000004ac90fd540
Event: 1.729 Thread 0x000001838c27a260 DEOPT UNPACKING pc=0x0000018393b566e3 sp=0x0000004ac90fca88 mode 3

Classes unloaded (0 events):
No events

Classes redefined (0 events):
No events

Internal exceptions (20 events):
Event: 3.593 Thread 0x00000183ea8bdd30 Exception <a 'java/lang/reflect/InvocationTargetException'{0x000000070eb973d8}> (0x000000070eb973d8) 
thrown [s\open\src\hotspot\share\runtime\reflection.cpp, line 1121]
Event: 3.593 Thread 0x00000183ea8be6d0 Exception <a 'java/lang/reflect/InvocationTargetException'{0x000000070e8041d0}> (0x000000070e8041d0) 
thrown [s\open\src\hotspot\share\runtime\reflection.cpp, line 1121]
Event: 3.593 Thread 0x00000183ea8bdd30 Exception <a 'java/lang/reflect/InvocationTargetException'{0x000000070eb980d8}> (0x000000070eb980d8) 
thrown [s\open\src\hotspot\share\runtime\reflection.cpp, line 1121]
Event: 3.625 Thread 0x00000183ea8be6d0 Exception <a 'java/lang/reflect/InvocationTargetException'{0x000000070e827898}> (0x000000070e827898) 
thrown [s\open\src\hotspot\share\runtime\reflection.cpp, line 1121]
Event: 3.639 Thread 0x00000183ea8bdd30 Exception <a 'java/lang/reflect/InvocationTargetException'{0x000000070ebbfdc0}> (0x000000070ebbfdc0) 
thrown [s\open\src\hotspot\share\runtime\reflection.cpp, line 1121]
Event: 3.649 Thread 0x00000183ea8be6d0 Exception <a 'java/lang/reflect/InvocationTargetException'{0x000000070e84b010}> (0x000000070e84b010) 
thrown [s\open\src\hotspot\share\runtime\reflection.cpp, line 1121]
Event: 3.688 Thread 0x00000183ea8be6d0 Exception <a 'java/lang/reflect/InvocationTargetException'{0x000000070e86e548}> (0x000000070e86e548) 
thrown [s\open\src\hotspot\share\runtime\reflection.cpp, line 1121]
Event: 3.688 Thread 0x00000183ea8bdd30 Exception <a 'java/lang/reflect/InvocationTargetException'{0x000000070ebe3c98}> (0x000000070ebe3c98) 
thrown [s\open\src\hotspot\share\runtime\reflection.cpp, line 1121]
Event: 3.722 Thread 0x00000183ea8be6d0 Exception <a 'java/lang/reflect/InvocationTargetException'{0x000000070e69d7c8}> (0x000000070e69d7c8) 
thrown [s\open\src\hotspot\share\runtime\reflection.cpp, line 1121]
Event: 3.729 Thread 0x00000183ea8bdd30 Exception <a 'java/lang/reflect/InvocationTargetException'{0x000000070e8aa2f0}> (0x000000070e8aa2f0) 
thrown [s\open\src\hotspot\share\runtime\reflection.cpp, line 1121]
Event: 3.771 Thread 0x00000183ea8bdd30 Exception <a 'java/lang/reflect/InvocationTargetException'{0x000000070e8ce1e0}> (0x000000070e8ce1e0) 
thrown [s\open\src\hotspot\share\runtime\reflection.cpp, line 1121]
Event: 3.771 Thread 0x00000183ea8be6d0 Exception <a 'java/lang/reflect/InvocationTargetException'{0x000000070e6c0f58}> (0x000000070e6c0f58) 
thrown [s\open\src\hotspot\share\runtime\reflection.cpp, line 1121]
Event: 3.816 Thread 0x00000183ea8bdd30 Exception <a 'java/lang/reflect/InvocationTargetException'{0x000000070e8f20b8}> (0x000000070e8f20b8) 
thrown [s\open\src\hotspot\share\runtime\reflection.cpp, line 1121]
Event: 3.817 Thread 0x00000183ea8be6d0 Exception <a 'java/lang/reflect/InvocationTargetException'{0x000000070e6e44a8}> (0x000000070e6e44a8) 
thrown [s\open\src\hotspot\share\runtime\reflection.cpp, line 1121]
Event: 3.859 Thread 0x00000183ea8be6d0 Exception <a 'java/lang/reflect/InvocationTargetException'{0x000000070e77ab60}> (0x000000070e77ab60) 
thrown [s\open\src\hotspot\share\runtime\reflection.cpp, line 1121]
Event: 3.859 Thread 0x00000183ea8bdd30 Exception <a 'java/lang/reflect/InvocationTargetException'{0x000000070e718a60}> (0x000000070e718a60) 
thrown [s\open\src\hotspot\share\runtime\reflection.cpp, line 1121]
Event: 3.897 Thread 0x00000183ea8be6d0 Exception <a 'java/lang/reflect/InvocationTargetException'{0x000000070e7bd048}> (0x000000070e7bd048) 
thrown [s\open\src\hotspot\share\runtime\reflection.cpp, line 1121]
Event: 3.897 Thread 0x00000183ea8bdd30 Exception <a 'java/lang/reflect/InvocationTargetException'{0x000000070e73f268}> (0x000000070e73f268) 
thrown [s\open\src\hotspot\share\runtime\reflection.cpp, line 1121]
Event: 8.016 Thread 0x00000183ea8be6d0 Implicit null exception at 0x000001839498ac98 to 0x000001839498ad70
Event: 8.016 Thread 0x00000183ea8be6d0 Exception <a 'java/lang/NullPointerException'{0x000000070c902ce8}> (0x000000070c902ce8) 
thrown [s\open\src\hotspot\share\runtime\sharedRuntime.cpp, line 628]

VM Operations (20 events):
Event: 2.367 Executing VM operation: HandshakeAllThreads
Event: 2.367 Executing VM operation: HandshakeAllThreads done
Event: 2.655 Executing VM operation: HandshakeAllThreads
Event: 2.655 Executing VM operation: HandshakeAllThreads done
Event: 2.659 Executing VM operation: HandshakeAllThreads
Event: 2.659 Executing VM operation: HandshakeAllThreads done
Event: 3.114 Executing VM operation: G1CollectForAllocation
Event: 3.116 Executing VM operation: G1CollectForAllocation done
Event: 4.122 Executing VM operation: Cleanup
Event: 4.123 Executing VM operation: Cleanup done
Event: 5.132 Executing VM operation: Cleanup
Event: 5.132 Executing VM operation: Cleanup done
Event: 6.139 Executing VM operation: Cleanup
Event: 6.139 Executing VM operation: Cleanup done
Event: 7.149 Executing VM operation: Cleanup
Event: 7.149 Executing VM operation: Cleanup done
Event: 8.159 Executing VM operation: Cleanup
Event: 8.160 Executing VM operation: Cleanup done
Event: 9.162 Executing VM operation: Cleanup
Event: 9.163 Executing VM operation: Cleanup done

Events (20 events):
Event: 9.150 loading class jdk/internal/reflect/GeneratedMethodAccessor17
Event: 9.150 loading class jdk/internal/reflect/GeneratedMethodAccessor17 done
Event: 9.150 loading class jdk/internal/reflect/GeneratedMethodAccessor17
Event: 9.150 loading class jdk/internal/reflect/GeneratedMethodAccessor17 done
Event: 9.150 loading class jdk/internal/reflect/GeneratedMethodAccessor15
Event: 9.150 loading class jdk/internal/reflect/GeneratedMethodAccessor15 done
Event: 9.150 loading class jdk/internal/reflect/GeneratedMethodAccessor15
Event: 9.150 loading class jdk/internal/reflect/GeneratedMethodAccessor15 done
Event: 9.150 loading class jdk/internal/reflect/GeneratedMethodAccessor18
Event: 9.150 loading class jdk/internal/reflect/GeneratedMethodAccessor18 done
Event: 9.150 loading class jdk/internal/reflect/GeneratedMethodAccessor18
Event: 9.150 loading class jdk/internal/reflect/GeneratedMethodAccessor18 done
Event: 9.182 loading class jdk/internal/reflect/GeneratedMethodAccessor15
Event: 9.182 loading class jdk/internal/reflect/GeneratedMethodAccessor15 done
Event: 9.182 loading class jdk/internal/reflect/GeneratedMethodAccessor15
Event: 9.182 loading class jdk/internal/reflect/GeneratedMethodAccessor15 done
Event: 9.182 loading class jdk/internal/reflect/GeneratedMethodAccessor17
Event: 9.182 loading class jdk/internal/reflect/GeneratedMethodAccessor17 done
Event: 9.182 loading class jdk/internal/reflect/GeneratedMethodAccessor17
Event: 9.182 loading class jdk/internal/reflect/GeneratedMethodAccessor17 done


Dynamic libraries:
0x00007ff63f8a0000 - 0x00007ff63f8b0000 	D:\Environment\Java\jdk17\bin\java.exe
0x00007fff57c10000 - 0x00007fff57e27000 	C:\WINDOWS\SYSTEM32\ntdll.dll
0x00007fff56790000 - 0x00007fff56854000 	C:\WINDOWS\System32\KERNEL32.DLL
0x00007fff54fe0000 - 0x00007fff5538d000 	C:\WINDOWS\System32\KERNELBASE.dll
0x00007fff55820000 - 0x00007fff55931000 	C:\WINDOWS\System32\ucrtbase.dll
0x00007fff29e60000 - 0x00007fff29e79000 	D:\Environment\Java\jdk17\bin\jli.dll
0x00007fff144e0000 - 0x00007fff144fb000 	D:\Environment\Java\jdk17\bin\VCRUNTIME140.dll
0x00007fff57710000 - 0x00007fff577c2000 	C:\WINDOWS\System32\ADVAPI32.dll
0x00007fff55940000 - 0x00007fff559e7000 	C:\WINDOWS\System32\msvcrt.dll
0x00007fff55ba0000 - 0x00007fff55c49000 	C:\WINDOWS\System32\sechost.dll
0x00007fff54f30000 - 0x00007fff54f58000 	C:\WINDOWS\System32\bcrypt.dll
0x00007fff57a40000 - 0x00007fff57b54000 	C:\WINDOWS\System32\RPCRT4.dll
0x00007fff577d0000 - 0x00007fff5797e000 	C:\WINDOWS\System32\USER32.dll
0x00007fff55570000 - 0x00007fff55596000 	C:\WINDOWS\System32\win32u.dll
0x00007fff37f40000 - 0x00007fff381d3000 	C:\WINDOWS\WinSxS\amd64_microsoft.windows.common-controls_6595b64144ccf1df_6.0.22621.3672_none_2713b9d173822955\COMCTL32.dll
0x00007fff55c50000 - 0x00007fff55c79000 	C:\WINDOWS\System32\GDI32.dll
0x00007fff555a0000 - 0x00007fff556b9000 	C:\WINDOWS\System32\gdi32full.dll
0x00007fff55780000 - 0x00007fff5581a000 	C:\WINDOWS\System32\msvcp_win.dll
0x00007fff4bbc0000 - 0x00007fff4bbca000 	C:\WINDOWS\SYSTEM32\VERSION.dll
0x00007fff56670000 - 0x00007fff566a1000 	C:\WINDOWS\System32\IMM32.DLL
0x00007fff2cc80000 - 0x00007fff2cc8c000 	D:\Environment\Java\jdk17\bin\vcruntime140_1.dll
0x00007ffec6f40000 - 0x00007ffec6fce000 	D:\Environment\Java\jdk17\bin\msvcp140.dll
0x00007ffec3010000 - 0x00007ffec3bee000 	D:\Environment\Java\jdk17\bin\server\jvm.dll
0x00007fff55b70000 - 0x00007fff55b78000 	C:\WINDOWS\System32\PSAPI.DLL
0x00007fff4dac0000 - 0x00007fff4dac9000 	C:\WINDOWS\SYSTEM32\WSOCK32.dll
0x00007fff4c2c0000 - 0x00007fff4c2f4000 	C:\WINDOWS\SYSTEM32\WINMM.dll
0x00007fff55af0000 - 0x00007fff55b61000 	C:\WINDOWS\System32\WS2_32.dll
0x00007fff53ff0000 - 0x00007fff54008000 	C:\WINDOWS\SYSTEM32\kernel.appcore.dll
0x00007fff29fb0000 - 0x00007fff29fba000 	D:\Environment\Java\jdk17\bin\jimage.dll
0x00007fff52890000 - 0x00007fff52ac2000 	C:\WINDOWS\SYSTEM32\DBGHELP.DLL
0x00007fff56c00000 - 0x00007fff56f8d000 	C:\WINDOWS\System32\combase.dll
0x00007fff566b0000 - 0x00007fff56787000 	C:\WINDOWS\System32\OLEAUT32.dll
0x00007fff302c0000 - 0x00007fff302f2000 	C:\WINDOWS\SYSTEM32\dbgcore.DLL
0x00007fff54f60000 - 0x00007fff54fdb000 	C:\WINDOWS\System32\bcryptPrimitives.dll
0x00007fff4da90000 - 0x00007fff4da9e000 	D:\Environment\Java\jdk17\bin\instrument.dll
0x00007fff13ab0000 - 0x00007fff13ad5000 	D:\Environment\Java\jdk17\bin\java.dll
0x00007ffec5970000 - 0x00007ffec5a47000 	D:\Environment\Java\jdk17\bin\jsvml.dll
0x00007fff55c80000 - 0x00007fff564e8000 	C:\WINDOWS\System32\SHELL32.dll
0x00007fff52e80000 - 0x00007fff5377e000 	C:\WINDOWS\SYSTEM32\windows.storage.dll
0x00007fff52d40000 - 0x00007fff52e7f000 	C:\WINDOWS\SYSTEM32\wintypes.dll
0x00007fff559f0000 - 0x00007fff55ae9000 	C:\WINDOWS\System32\SHCORE.dll
0x00007fff579e0000 - 0x00007fff57a3e000 	C:\WINDOWS\System32\shlwapi.dll
0x00007fff54e60000 - 0x00007fff54e81000 	C:\WINDOWS\SYSTEM32\profapi.dll
0x00007fff0c5d0000 - 0x00007fff0c5e8000 	D:\Environment\Java\jdk17\bin\zip.dll
0x00007fff13a90000 - 0x00007fff13aa9000 	D:\Environment\Java\jdk17\bin\net.dll
0x00007fff4dc60000 - 0x00007fff4dd96000 	C:\WINDOWS\SYSTEM32\WINHTTP.dll
0x00007fff544c0000 - 0x00007fff54529000 	C:\WINDOWS\system32\mswsock.dll
0x00007fff0d250000 - 0x00007fff0d266000 	D:\Environment\Java\jdk17\bin\nio.dll
0x00007fff33830000 - 0x00007fff3384a000 	D:\Software\IntelliJ IDEA 2021.3.3\bin\breakgen64.dll
0x00007fff53a90000 - 0x00007fff53b88000 	C:\WINDOWS\SYSTEM32\DNSAPI.dll
0x00007fff53a60000 - 0x00007fff53a8d000 	C:\WINDOWS\SYSTEM32\IPHLPAPI.DLL
0x00007fff55b80000 - 0x00007fff55b89000 	C:\WINDOWS\System32\NSI.dll
0x00007fff49cd0000 - 0x00007fff49cda000 	C:\Windows\System32\rasadhlp.dll
0x00007fff4b3d0000 - 0x00007fff4b453000 	C:\WINDOWS\System32\fwpuclnt.dll
0x00007fff4da60000 - 0x00007fff4da6a000 	D:\Environment\Java\jdk17\bin\management.dll
0x00007fff4da50000 - 0x00007fff4da5b000 	D:\Environment\Java\jdk17\bin\management_ext.dll
0x00007fff54730000 - 0x00007fff5474b000 	C:\WINDOWS\SYSTEM32\CRYPTSP.dll
0x00007fff53fb0000 - 0x00007fff53fe5000 	C:\WINDOWS\system32\rsaenh.dll
0x00007fff545c0000 - 0x00007fff545e8000 	C:\WINDOWS\SYSTEM32\USERENV.dll
0x00007fff54720000 - 0x00007fff5472c000 	C:\WINDOWS\SYSTEM32\CRYPTBASE.dll
0x00007fff4dc30000 - 0x00007fff4dc49000 	C:\WINDOWS\SYSTEM32\dhcpcsvc6.DLL
0x00007fff4dbf0000 - 0x00007fff4dc0f000 	C:\WINDOWS\SYSTEM32\dhcpcsvc.DLL
0x00007fff293d0000 - 0x00007fff293e7000 	C:\WINDOWS\system32\napinsp.dll
0x00007fff293b0000 - 0x00007fff293cb000 	C:\WINDOWS\system32\pnrpnsp.dll
0x00007fff29230000 - 0x00007fff29241000 	C:\WINDOWS\System32\winrnr.dll
0x00007fff29210000 - 0x00007fff29225000 	C:\WINDOWS\system32\wshbth.dll
0x00007fff28cb0000 - 0x00007fff28cd7000 	C:\WINDOWS\system32\nlansp_c.dll
0x00007fff337e0000 - 0x00007fff337ee000 	D:\Environment\Java\jdk17\bin\sunmscapi.dll
0x00007fff55390000 - 0x00007fff554f7000 	C:\WINDOWS\System32\CRYPT32.dll
0x00007fff548c0000 - 0x00007fff548ee000 	C:\WINDOWS\SYSTEM32\ncrypt.dll
0x00007fff54880000 - 0x00007fff548b7000 	C:\WINDOWS\SYSTEM32\NTASN1.dll
0x00007fff22a10000 - 0x00007fff22a18000 	C:\WINDOWS\system32\wshunix.dll

dbghelp: loaded successfully - version: 4.0.5 - missing functions: none
symbol engine: initialized successfully - sym options: 0x614 - pdb path: .;D:\Environment\Java\jdk17\bin;C:\WINDOWS\SYSTEM32;C:\WINDOWS\WinSxS\amd64_microsoft.windows.common-controls_6595b64144ccf1df_6.0.22621.3672_none_2713b9d173822955;D:\Environment\Java\jdk17\bin\server;D:\Software\IntelliJ IDEA 2021.3.3\bin

VM Arguments:
jvm_args: -XX:TieredStopAtLevel=1 -Xverify:none -Dspring.output.ansi.enabled=always -Dcom.sun.management.jmxremote -Dspring.jmx.enabled=true -Dspring.liveBeansView.mbeanDomain -Dspring.application.admin.enabled=true -javaagent:D:\Software\IntelliJ IDEA 2021.3.3\lib\idea_rt.jar=14046:D:\Software\IntelliJ IDEA 2021.3.3\bin -Dfile.encoding=UTF-8 
java_command: com.wen.notification.NotificationServiceApplication
java_class_path (initial): K:\worksplace\paplanet\backend code\paplanet-java\notification-service\target\classes;D:\Environment\Maven\apache-maven-3.9.4\repo\org\springframework\boot\spring-boot-starter\3.2.0\spring-boot-starter-3.2.0.jar;D:\Environment\Maven\apache-maven-3.9.4\repo\org\springframework\boot\spring-boot\3.2.0\spring-boot-3.2.0.jar;D:\Environment\Maven\apache-maven-3.9.4\repo\org\springframework\spring-context\6.1.1\spring-context-6.1.1.jar;D:\Environment\Maven\apache-maven-3.9.4\repo\org\springframework\boot\spring-boot-autoconfigure\3.2.0\spring-boot-autoconfigure-3.2.0.jar;D:\Environment\Maven\apache-maven-3.9.4\repo\org\springframework\boot\spring-boot-starter-logging\3.2.0\spring-boot-starter-logging-3.2.0.jar;D:\Environment\Maven\apache-maven-3.9.4\repo\ch\qos\logback\logback-classic\1.4.11\logback-classic-1.4.11.jar;D:\Environment\Maven\apache-maven-3.9.4\repo\ch\qos\logback\logback-core\1.4.11\logback-core-1.4.11.jar;D:\Environment\Maven\apache-maven-3.9.4\repo\org\apache\logging\log4j\log4j-to-slf4j\2.21.1\log4j-to-slf4j-2.21.1.jar;D:\Environment\Maven\apache-maven-3.9.4\repo\org\apache\logging\log4j\log4j-api\2.21.1\log4j-api-2.21.1.jar;D:\Environment\Maven\apache-maven-3.9.4\repo\org\slf4j\jul-to-slf4j\2.0.9\jul-to-slf4j-2.0.9.jar;D:\Environment\Maven\apache-maven-3.9.4\repo\jakarta\annotation\jakarta.annotation-api\2.1.1\jakarta.annotation-api-2.1.1.jar;D:\Environment\Maven\apache-maven-3.9.4\repo\org\springframework\spring-core\6.1.1\spring-core-6.1.1.jar;D:\Environment\Maven\apache-maven-3.9.4\repo\org\springframework\spring-jcl\6.1.1\spring-jcl-6.1.1.jar;D:\Environment\Maven\apache-maven-3.9.4\repo\org\yaml\snakeyaml\2.2\snakeyaml-2.2.jar;D:\Environment\Maven\apache-maven-3.9.4\repo\org\springframework\boot\spring-boot-starter-web\3.2.0\spring-boot-starter-web-3.2.0.jar;D:\Environment\Maven\apache-maven-3.9.4\repo\org\springframework\boot\spring-boot-starter-json\3.2.0\spring-boot-starter-json-3.2.0.jar;D:\Environment\Maven\apache-mav
Launcher Type: SUN_STANDARD

[Global flags]
     intx CICompilerCount                          = 12                                        {product} {ergonomic}
     uint ConcGCThreads                            = 3                                         {product} {ergonomic}
     uint G1ConcRefinementThreads                  = 13                                        {product} {ergonomic}
   size_t G1HeapRegionSize                         = 2097152                                   {product} {ergonomic}
    uintx GCDrainStackTargetSize                   = 64                                        {product} {ergonomic}
   size_t InitialHeapSize                          = 264241152                                 {product} {ergonomic}
     bool ManagementServer                         = true                                      {product} {command line}
   size_t MarkStackSize                            = 4194304                                   {product} {ergonomic}
   size_t MaxHeapSize                              = 4200595456                                {product} {ergonomic}
   size_t MaxNewSize                               = 2518679552                                {product} {ergonomic}
   size_t MinHeapDeltaBytes                        = 2097152                                   {product} {ergonomic}
   size_t MinHeapSize                              = 8388608                                   {product} {ergonomic}
    uintx NonProfiledCodeHeapSize                  = 0                                      {pd product} {ergonomic}
     bool ProfileInterpreter                       = false                                  {pd product} {command line}
    uintx ProfiledCodeHeapSize                     = 0                                      {pd product} {ergonomic}
   size_t SoftMaxHeapSize                          = 4200595456                             {manageable} {ergonomic}
     intx TieredStopAtLevel                        = 1                                         {product} {command line}
     bool UseCompressedClassPointers               = true                           {product lp64_product} {ergonomic}
     bool UseCompressedOops                        = true                           {product lp64_product} {ergonomic}
     bool UseG1GC                                  = true                                      {product} {ergonomic}
     bool UseLargePagesIndividualAllocation        = false                                  {pd product} {ergonomic}

Logging:
Log output configuration:
 #0: stdout all=warning uptime,level,tags
 #1: stderr all=off uptime,level,tags

Environment Variables:
JAVA_HOME=D:\Environment\Java\jdk1.8.0_361
PATH=C:\Program Files\Common Files\Oracle\Java\javapath;C:\Program Files (x86)\Common Files\Oracle\Java\javapath;C:\WINDOWS\system32;C:\WINDOWS;C:\WINDOWS\System32\Wbem;C:\WINDOWS\System32\WindowsPowerShell\v1.0\;C:\WINDOWS\System32\OpenSSH\;D:\Environment\Maven\apache-maven-3.9.4\bin;D:\Environment\Java\jdk1.8.0_361\bin;C:\Program Files\MySQL\MySQL Server 8.0\bin;D:\Environment\gcc\x86_64-8.1.0-release-posix-sjlj-rt_v6-rev0\mingw64\bin;D:\Software\Xshell\;D:\Software\Xftp\;D:\Environment\rocketmq-all-4.3.0-bin-release\bin;D:\Environment\Git\cmd;D:\Environment\Go\bin;D:\Environment\nodejs;D:\Environment\nodejs\node_global;D:\Environment\nodejs\node_cache;C:\Users\wen\AppData\Local\Programs\Python\Python312\Scripts\;C:\Users\wen\AppData\Local\Programs\Python\Python312\;C:\Users\wen\AppData\Local\Programs\Python\Launcher\;C:\Users\wen\AppData\Local\Microsoft\WindowsApps;D:\Software\Tencent\QQGameTempest\Hall.57986\;D:\Software\Microsoft VS Code\bin;C:\Users\wen\go\bin;C:\Users\wen\AppData\Roaming\npm
USERNAME=wen
OS=Windows_NT
PROCESSOR_IDENTIFIER=Intel64 Family 6 Model 141 Stepping 1, GenuineIntel



---------------  S Y S T E M  ---------------

OS:
 Windows 11 , 64 bit Build 22621 (10.0.22621.3958)
OS uptime: 0 days 14:24 hours

CPU: total 16 (initial active 16) (8 cores per cpu, 2 threads per core) family 6 model 141 stepping 1 microcode 0x4e, cx8, cmov, fxsr, ht, mmx, 3dnowpref, sse, sse2, sse3, ssse3, sse4.1, sse4.2, popcnt, lzcnt, tsc, tscinvbit, avx, avx2, aes, erms, clmul, bmi1, bmi2, adx, avx512f, avx512dq, avx512cd, avx512bw, avx512vl, sha, fma, vzeroupper, avx512_vpopcntdq, avx512_vpclmulqdq, avx512_vaes, avx512_vnni, clflush, clflushopt, clwb, avx512_vbmi2, avx512_vbmi

Memory: 4k page, system-wide physical 16021M (3247M free)
TotalPageFile size 30357M (AvailPageFile size 14315M)
current process WorkingSet (physical memory assigned to process): 224M, peak: 224M
current process commit charge ("private bytes"): 333M, peak: 391M

vm_info: Java HotSpot(TM) 64-Bit Server VM (17.0.8+9-LTS-211) for windows-amd64 JRE (17.0.8+9-LTS-211), built on Jun 14 2023 10:34:31 by "mach5one" with MS VC++ 17.1 (VS2022)

END.
